{"D:\\assignment-2-main\\src\\theme.js": {"path":"D:\\assignment-2-main\\src\\theme.js","statementMap":{"0":{"start":{"line":2,"column":14},"end":{"line":21,"column":1}}},"fnMap":{},"branchMap":{},"s":{"0":2},"f":{},"b":{},"_coverageSchema":"1a1c01bbd47fc00a2c39e90264f33305004495a9","hash":"dc284a6acc591ea7a92e998737a637f5bdf2a7ea"}
,"D:\\assignment-2-main\\src\\components\\ChartCard.js": {"path":"D:\\assignment-2-main\\src\\components\\ChartCard.js","statementMap":{"0":{"start":{"line":13,"column":12},"end":{"line":21,"column":3}},"1":{"start":{"line":24,"column":26},"end":{"line":38,"column":12}},"2":{"start":{"line":25,"column":16},"end":{"line":25,"column":25}},"3":{"start":{"line":26,"column":4},"end":{"line":33,"column":7}},"4":{"start":{"line":28,"column":18},"end":{"line":28,"column":52}},"5":{"start":{"line":29,"column":6},"end":{"line":29,"column":45}},"6":{"start":{"line":29,"column":38},"end":{"line":29,"column":45}},"7":{"start":{"line":30,"column":21},"end":{"line":30,"column":55}},"8":{"start":{"line":31,"column":18},"end":{"line":31,"column":50}},"9":{"start":{"line":32,"column":6},"end":{"line":32,"column":46}},"10":{"start":{"line":34,"column":17},"end":{"line":35,"column":40}},"11":{"start":{"line":34,"column":54},"end":{"line":34,"column":70}},"12":{"start":{"line":35,"column":22},"end":{"line":35,"column":39}},"13":{"start":{"line":36,"column":18},"end":{"line":36,"column":55}},"14":{"start":{"line":36,"column":40},"end":{"line":36,"column":51}},"15":{"start":{"line":37,"column":4},"end":{"line":37,"column":27}},"16":{"start":{"line":40,"column":18},"end":{"line":40,"column":46}},"17":{"start":{"line":43,"column":18},"end":{"line":52,"column":3}},"18":{"start":{"line":55,"column":15},"end":{"line":55,"column":18}},"19":{"start":{"line":56,"column":13},"end":{"line":56,"column":21}},"20":{"start":{"line":57,"column":13},"end":{"line":57,"column":21}},"21":{"start":{"line":58,"column":12},"end":{"line":58,"column":15}},"22":{"start":{"line":59,"column":17},"end":{"line":59,"column":19}},"23":{"start":{"line":61,"column":16},"end":{"line":64,"column":4}},"24":{"start":{"line":61,"column":44},"end":{"line":64,"column":3}},"25":{"start":{"line":66,"column":21},"end":{"line":71,"column":3}},"26":{"start":{"line":67,"column":18},"end":{"line":67,"column":51}},"27":{"start":{"line":68,"column":16},"end":{"line":68,"column":47}},"28":{"start":{"line":69,"column":21},"end":{"line":69,"column":60}},"29":{"start":{"line":70,"column":4},"end":{"line":70,"column":109}},"30":{"start":{"line":73,"column":16},"end":{"line":73,"column":28}},"31":{"start":{"line":74,"column":19},"end":{"line":86,"column":8}},"32":{"start":{"line":76,"column":22},"end":{"line":76,"column":55}},"33":{"start":{"line":77,"column":22},"end":{"line":77,"column":29}},"34":{"start":{"line":78,"column":20},"end":{"line":78,"column":35}},"35":{"start":{"line":79,"column":8},"end":{"line":79,"column":22}},"36":{"start":{"line":80,"column":8},"end":{"line":84,"column":10}},"37":{"start":{"line":89,"column":14},"end":{"line":89,"column":52}},"38":{"start":{"line":89,"column":21},"end":{"line":89,"column":52}},"39":{"start":{"line":91,"column":2},"end":{"line":144,"column":4}},"40":{"start":{"line":118,"column":16},"end":{"line":118,"column":67}},"41":{"start":{"line":134,"column":14},"end":{"line":138,"column":21}},"42":{"start":{"line":147,"column":15},"end":{"line":168,"column":2}}},"fnMap":{"0":{"name":"ChartCard","decl":{"start":{"line":12,"column":24},"end":{"line":12,"column":33}},"loc":{"start":{"line":12,"column":69},"end":{"line":145,"column":1}},"line":12},"1":{"name":"(anonymous_1)","decl":{"start":{"line":24,"column":34},"end":{"line":24,"column":35}},"loc":{"start":{"line":24,"column":40},"end":{"line":38,"column":3}},"line":24},"2":{"name":"(anonymous_2)","decl":{"start":{"line":26,"column":46},"end":{"line":26,"column":47}},"loc":{"start":{"line":26,"column":53},"end":{"line":33,"column":5}},"line":26},"3":{"name":"(anonymous_3)","decl":{"start":{"line":34,"column":33},"end":{"line":34,"column":34}},"loc":{"start":{"line":34,"column":54},"end":{"line":34,"column":70}},"line":34},"4":{"name":"(anonymous_4)","decl":{"start":{"line":35,"column":12},"end":{"line":35,"column":13}},"loc":{"start":{"line":35,"column":22},"end":{"line":35,"column":39}},"line":35},"5":{"name":"(anonymous_5)","decl":{"start":{"line":36,"column":30},"end":{"line":36,"column":31}},"loc":{"start":{"line":36,"column":40},"end":{"line":36,"column":51}},"line":36},"6":{"name":"(anonymous_6)","decl":{"start":{"line":61,"column":16},"end":{"line":61,"column":17}},"loc":{"start":{"line":61,"column":44},"end":{"line":64,"column":3}},"line":61},"7":{"name":"(anonymous_7)","decl":{"start":{"line":66,"column":21},"end":{"line":66,"column":22}},"loc":{"start":{"line":66,"column":63},"end":{"line":71,"column":3}},"line":66},"8":{"name":"(anonymous_8)","decl":{"start":{"line":75,"column":15},"end":{"line":75,"column":16}},"loc":{"start":{"line":75,"column":29},"end":{"line":85,"column":7}},"line":75},"9":{"name":"(anonymous_9)","decl":{"start":{"line":89,"column":14},"end":{"line":89,"column":15}},"loc":{"start":{"line":89,"column":21},"end":{"line":89,"column":52}},"line":89},"10":{"name":"(anonymous_10)","decl":{"start":{"line":117,"column":28},"end":{"line":117,"column":29}},"loc":{"start":{"line":118,"column":16},"end":{"line":118,"column":67}},"line":118},"11":{"name":"(anonymous_11)","decl":{"start":{"line":133,"column":22},"end":{"line":133,"column":23}},"loc":{"start":{"line":134,"column":14},"end":{"line":138,"column":21}},"line":134}},"branchMap":{"0":{"loc":{"start":{"line":12,"column":36},"end":{"line":12,"column":45}},"type":"default-arg","locations":[{"start":{"line":12,"column":43},"end":{"line":12,"column":45}}],"line":12},"1":{"loc":{"start":{"line":12,"column":47},"end":{"line":12,"column":65}},"type":"default-arg","locations":[{"start":{"line":12,"column":55},"end":{"line":12,"column":65}}],"line":12},"2":{"loc":{"start":{"line":13,"column":12},"end":{"line":21,"column":3}},"type":"binary-expr","locations":[{"start":{"line":13,"column":12},"end":{"line":13,"column":24}},{"start":{"line":13,"column":28},"end":{"line":21,"column":3}}],"line":13},"3":{"loc":{"start":{"line":26,"column":5},"end":{"line":26,"column":36}},"type":"cond-expr","locations":[{"start":{"line":26,"column":27},"end":{"line":26,"column":31}},{"start":{"line":26,"column":34},"end":{"line":26,"column":36}}],"line":26},"4":{"loc":{"start":{"line":28,"column":25},"end":{"line":28,"column":51}},"type":"binary-expr","locations":[{"start":{"line":28,"column":25},"end":{"line":28,"column":34}},{"start":{"line":28,"column":38},"end":{"line":28,"column":46}},{"start":{"line":28,"column":50},"end":{"line":28,"column":51}}],"line":28},"5":{"loc":{"start":{"line":29,"column":6},"end":{"line":29,"column":45}},"type":"if","locations":[{"start":{"line":29,"column":6},"end":{"line":29,"column":45}},{"start":{},"end":{}}],"line":29},"6":{"loc":{"start":{"line":29,"column":10},"end":{"line":29,"column":36}},"type":"binary-expr","locations":[{"start":{"line":29,"column":10},"end":{"line":29,"column":24}},{"start":{"line":29,"column":28},"end":{"line":29,"column":36}}],"line":29},"7":{"loc":{"start":{"line":30,"column":21},"end":{"line":30,"column":55}},"type":"binary-expr","locations":[{"start":{"line":30,"column":21},"end":{"line":30,"column":32}},{"start":{"line":30,"column":36},"end":{"line":30,"column":44}},{"start":{"line":30,"column":48},"end":{"line":30,"column":55}}],"line":30},"8":{"loc":{"start":{"line":31,"column":18},"end":{"line":31,"column":50}},"type":"binary-expr","locations":[{"start":{"line":31,"column":18},"end":{"line":31,"column":39}},{"start":{"line":31,"column":43},"end":{"line":31,"column":50}}],"line":31},"9":{"loc":{"start":{"line":32,"column":20},"end":{"line":32,"column":37}},"type":"binary-expr","locations":[{"start":{"line":32,"column":20},"end":{"line":32,"column":32}},{"start":{"line":32,"column":36},"end":{"line":32,"column":37}}],"line":32},"10":{"loc":{"start":{"line":40,"column":18},"end":{"line":40,"column":46}},"type":"binary-expr","locations":[{"start":{"line":40,"column":18},"end":{"line":40,"column":33}},{"start":{"line":40,"column":37},"end":{"line":40,"column":46}}],"line":40},"11":{"loc":{"start":{"line":44,"column":4},"end":{"line":44,"column":20}},"type":"binary-expr","locations":[{"start":{"line":44,"column":4},"end":{"line":44,"column":10}},{"start":{"line":44,"column":14},"end":{"line":44,"column":20}}],"line":44},"12":{"loc":{"start":{"line":69,"column":21},"end":{"line":69,"column":60}},"type":"cond-expr","locations":[{"start":{"line":69,"column":55},"end":{"line":69,"column":56}},{"start":{"line":69,"column":59},"end":{"line":69,"column":60}}],"line":69},"13":{"loc":{"start":{"line":74,"column":19},"end":{"line":86,"column":8}},"type":"cond-expr","locations":[{"start":{"line":75,"column":6},"end":{"line":85,"column":8}},{"start":{"line":86,"column":6},"end":{"line":86,"column":8}}],"line":74},"14":{"loc":{"start":{"line":89,"column":32},"end":{"line":89,"column":38}},"type":"binary-expr","locations":[{"start":{"line":89,"column":32},"end":{"line":89,"column":33}},{"start":{"line":89,"column":37},"end":{"line":89,"column":38}}],"line":89},"15":{"loc":{"start":{"line":95,"column":7},"end":{"line":142,"column":7}},"type":"cond-expr","locations":[{"start":{"line":96,"column":8},"end":{"line":112,"column":15}},{"start":{"line":114,"column":8},"end":{"line":141,"column":11}}],"line":95}},"s":{"0":11,"1":11,"2":6,"3":6,"4":11,"5":11,"6":1,"7":10,"8":10,"9":10,"10":6,"11":9,"12":8,"13":6,"14":9,"15":6,"16":11,"17":11,"18":11,"19":11,"20":11,"21":11,"22":11,"23":11,"24":18,"25":11,"26":9,"27":9,"28":9,"29":9,"30":11,"31":11,"32":9,"33":9,"34":9,"35":9,"36":9,"37":11,"38":13,"39":11,"40":9,"41":9,"42":3},"f":{"0":11,"1":6,"2":11,"3":9,"4":8,"5":9,"6":18,"7":9,"8":9,"9":13,"10":9,"11":9},"b":{"0":[0],"1":[1],"2":[11,2],"3":[6,0],"4":[11,0,0],"5":[1,10],"6":[11,11],"7":[10,0,0],"8":[10,0],"9":[10,9],"10":[11,4],"11":[11,0],"12":[4,5],"13":[4,7],"14":[13,0],"15":[7,4]},"_coverageSchema":"1a1c01bbd47fc00a2c39e90264f33305004495a9","hash":"2bd211e24c6b324c1c2d3096622e57533db626ab"}
,"D:\\assignment-2-main\\src\\components\\DismissKeyboardView.js": {"path":"D:\\assignment-2-main\\src\\components\\DismissKeyboardView.js","statementMap":{"0":{"start":{"line":5,"column":2},"end":{"line":9,"column":4}}},"fnMap":{"0":{"name":"DismissKeyboardView","decl":{"start":{"line":4,"column":24},"end":{"line":4,"column":43}},"loc":{"start":{"line":4,"column":65},"end":{"line":10,"column":1}},"line":4}},"branchMap":{},"s":{"0":9},"f":{"0":9},"b":{},"_coverageSchema":"1a1c01bbd47fc00a2c39e90264f33305004495a9","hash":"8f05fd0e9bdd710370d5075a2ec465d7f36e3f51"}
,"D:\\assignment-2-main\\src\\context\\ThemeContext.js": {"path":"D:\\assignment-2-main\\src\\context\\ThemeContext.js","statementMap":{"0":{"start":{"line":5,"column":12},"end":{"line":5,"column":25}},"1":{"start":{"line":7,"column":12},"end":{"line":12,"column":2}},"2":{"start":{"line":15,"column":14},"end":{"line":15,"column":30}},"3":{"start":{"line":16,"column":26},"end":{"line":16,"column":44}},"4":{"start":{"line":18,"column":2},"end":{"line":18,"column":81}},"5":{"start":{"line":18,"column":20},"end":{"line":18,"column":73}},"6":{"start":{"line":18,"column":56},"end":{"line":18,"column":71}},"7":{"start":{"line":19,"column":2},"end":{"line":19,"column":78}},"8":{"start":{"line":19,"column":20},"end":{"line":19,"column":66}},"9":{"start":{"line":21,"column":19},"end":{"line":21,"column":62}},"10":{"start":{"line":22,"column":17},"end":{"line":22,"column":97}},"11":{"start":{"line":22,"column":23},"end":{"line":22,"column":97}},"12":{"start":{"line":22,"column":37},"end":{"line":22,"column":95}},"13":{"start":{"line":24,"column":16},"end":{"line":24,"column":86}},"14":{"start":{"line":24,"column":31},"end":{"line":24,"column":66}},"15":{"start":{"line":26,"column":2},"end":{"line":26,"column":63}},"16":{"start":{"line":30,"column":2},"end":{"line":30,"column":25}}},"fnMap":{"0":{"name":"(anonymous_0)","decl":{"start":{"line":9,"column":11},"end":{"line":9,"column":12}},"loc":{"start":{"line":9,"column":17},"end":{"line":9,"column":19}},"line":9},"1":{"name":"(anonymous_1)","decl":{"start":{"line":10,"column":10},"end":{"line":10,"column":11}},"loc":{"start":{"line":10,"column":16},"end":{"line":10,"column":18}},"line":10},"2":{"name":"ThemeProvider","decl":{"start":{"line":14,"column":16},"end":{"line":14,"column":29}},"loc":{"start":{"line":14,"column":44},"end":{"line":27,"column":1}},"line":14},"3":{"name":"(anonymous_3)","decl":{"start":{"line":18,"column":12},"end":{"line":18,"column":13}},"loc":{"start":{"line":18,"column":18},"end":{"line":18,"column":75}},"line":18},"4":{"name":"(anonymous_4)","decl":{"start":{"line":18,"column":51},"end":{"line":18,"column":52}},"loc":{"start":{"line":18,"column":56},"end":{"line":18,"column":71}},"line":18},"5":{"name":"(anonymous_5)","decl":{"start":{"line":19,"column":12},"end":{"line":19,"column":13}},"loc":{"start":{"line":19,"column":18},"end":{"line":19,"column":68}},"line":19},"6":{"name":"(anonymous_6)","decl":{"start":{"line":19,"column":58},"end":{"line":19,"column":59}},"loc":{"start":{"line":19,"column":62},"end":{"line":19,"column":64}},"line":19},"7":{"name":"(anonymous_7)","decl":{"start":{"line":22,"column":17},"end":{"line":22,"column":18}},"loc":{"start":{"line":22,"column":23},"end":{"line":22,"column":97}},"line":22},"8":{"name":"(anonymous_8)","decl":{"start":{"line":22,"column":31},"end":{"line":22,"column":32}},"loc":{"start":{"line":22,"column":37},"end":{"line":22,"column":95}},"line":22},"9":{"name":"(anonymous_9)","decl":{"start":{"line":24,"column":24},"end":{"line":24,"column":25}},"loc":{"start":{"line":24,"column":31},"end":{"line":24,"column":66}},"line":24},"10":{"name":"useThemeContext","decl":{"start":{"line":29,"column":16},"end":{"line":29,"column":31}},"loc":{"start":{"line":29,"column":34},"end":{"line":31,"column":1}},"line":29}},"branchMap":{"0":{"loc":{"start":{"line":18,"column":56},"end":{"line":18,"column":71}},"type":"binary-expr","locations":[{"start":{"line":18,"column":56},"end":{"line":18,"column":57}},{"start":{"line":18,"column":61},"end":{"line":18,"column":71}}],"line":18},"1":{"loc":{"start":{"line":21,"column":19},"end":{"line":21,"column":62}},"type":"cond-expr","locations":[{"start":{"line":21,"column":40},"end":{"line":21,"column":54}},{"start":{"line":21,"column":58},"end":{"line":21,"column":62}}],"line":21},"2":{"loc":{"start":{"line":21,"column":40},"end":{"line":21,"column":54}},"type":"binary-expr","locations":[{"start":{"line":21,"column":40},"end":{"line":21,"column":43}},{"start":{"line":21,"column":47},"end":{"line":21,"column":54}}],"line":21},"3":{"loc":{"start":{"line":22,"column":37},"end":{"line":22,"column":95}},"type":"cond-expr","locations":[{"start":{"line":22,"column":53},"end":{"line":22,"column":59}},{"start":{"line":22,"column":62},"end":{"line":22,"column":95}}],"line":22},"4":{"loc":{"start":{"line":22,"column":62},"end":{"line":22,"column":95}},"type":"cond-expr","locations":[{"start":{"line":22,"column":77},"end":{"line":22,"column":85}},{"start":{"line":22,"column":88},"end":{"line":22,"column":95}}],"line":22}},"s":{"0":3,"1":3,"2":5,"3":5,"4":5,"5":3,"6":3,"7":5,"8":5,"9":5,"10":5,"11":1,"12":1,"13":5,"14":5,"15":5,"16":6},"f":{"0":0,"1":0,"2":5,"3":3,"4":3,"5":5,"6":0,"7":1,"8":1,"9":5,"10":6},"b":{"0":[3,1],"1":[4,1],"2":[4,0],"3":[0,1],"4":[0,1]},"_coverageSchema":"1a1c01bbd47fc00a2c39e90264f33305004495a9","hash":"e0d7fd4cd07d1db1720d3833a74eeb3cb4da3720"}
,"D:\\assignment-2-main\\src\\screens\\EditScreen.js": {"path":"D:\\assignment-2-main\\src\\screens\\EditScreen.js","statementMap":{"0":{"start":{"line":24,"column":15},"end":{"line":24,"column":67}},"1":{"start":{"line":24,"column":23},"end":{"line":24,"column":66}},"2":{"start":{"line":25,"column":12},"end":{"line":25,"column":55}},"3":{"start":{"line":25,"column":19},"end":{"line":25,"column":55}},"4":{"start":{"line":27,"column":19},"end":{"line":36,"column":1}},"5":{"start":{"line":39,"column":2},"end":{"line":49,"column":4}},"6":{"start":{"line":53,"column":25},"end":{"line":53,"column":56}},"7":{"start":{"line":54,"column":17},"end":{"line":54,"column":32}},"8":{"start":{"line":55,"column":34},"end":{"line":55,"column":47}},"9":{"start":{"line":58,"column":28},"end":{"line":58,"column":55}},"10":{"start":{"line":59,"column":30},"end":{"line":59,"column":79}},"11":{"start":{"line":60,"column":34},"end":{"line":60,"column":71}},"12":{"start":{"line":61,"column":26},"end":{"line":61,"column":52}},"13":{"start":{"line":64,"column":26},"end":{"line":64,"column":79}},"14":{"start":{"line":65,"column":46},"end":{"line":65,"column":61}},"15":{"start":{"line":68,"column":34},"end":{"line":68,"column":66}},"16":{"start":{"line":71,"column":23},"end":{"line":71,"column":55}},"17":{"start":{"line":72,"column":28},"end":{"line":72,"column":50}},"18":{"start":{"line":74,"column":36},"end":{"line":78,"column":3}},"19":{"start":{"line":79,"column":38},"end":{"line":83,"column":3}},"20":{"start":{"line":86,"column":30},"end":{"line":86,"column":53}},"21":{"start":{"line":87,"column":28},"end":{"line":87,"column":83}},"22":{"start":{"line":88,"column":44},"end":{"line":88,"column":59}},"23":{"start":{"line":90,"column":2},"end":{"line":92,"column":27}},"24":{"start":{"line":91,"column":4},"end":{"line":91,"column":78}},"25":{"start":{"line":94,"column":27},"end":{"line":100,"column":36}},"26":{"start":{"line":95,"column":4},"end":{"line":95,"column":38}},"27":{"start":{"line":95,"column":26},"end":{"line":95,"column":38}},"28":{"start":{"line":96,"column":4},"end":{"line":99,"column":6}},"29":{"start":{"line":102,"column":17},"end":{"line":124,"column":3}},"30":{"start":{"line":103,"column":16},"end":{"line":103,"column":30}},"31":{"start":{"line":104,"column":4},"end":{"line":105,"column":68}},"32":{"start":{"line":105,"column":6},"end":{"line":105,"column":68}},"33":{"start":{"line":106,"column":4},"end":{"line":107,"column":71}},"34":{"start":{"line":107,"column":6},"end":{"line":107,"column":71}},"35":{"start":{"line":109,"column":20},"end":{"line":118,"column":5}},"36":{"start":{"line":120,"column":4},"end":{"line":121,"column":22}},"37":{"start":{"line":120,"column":16},"end":{"line":120,"column":41}},"38":{"start":{"line":121,"column":9},"end":{"line":121,"column":22}},"39":{"start":{"line":123,"column":4},"end":{"line":123,"column":24}},"40":{"start":{"line":126,"column":19},"end":{"line":137,"column":6}},"41":{"start":{"line":127,"column":4},"end":{"line":137,"column":6}},"42":{"start":{"line":133,"column":10},"end":{"line":133,"column":26}},"43":{"start":{"line":134,"column":10},"end":{"line":134,"column":30}},"44":{"start":{"line":140,"column":23},"end":{"line":140,"column":78}},"45":{"start":{"line":141,"column":4},"end":{"line":144,"column":5}},"46":{"start":{"line":142,"column":6},"end":{"line":142,"column":90}},"47":{"start":{"line":143,"column":6},"end":{"line":143,"column":13}},"48":{"start":{"line":145,"column":16},"end":{"line":148,"column":6}},"49":{"start":{"line":149,"column":4},"end":{"line":149,"column":54}},"50":{"start":{"line":149,"column":23},"end":{"line":149,"column":54}},"51":{"start":{"line":152,"column":19},"end":{"line":152,"column":68}},"52":{"start":{"line":154,"column":2},"end":{"line":342,"column":4}},"53":{"start":{"line":189,"column":29},"end":{"line":189,"column":52}},"54":{"start":{"line":200,"column":18},"end":{"line":200,"column":43}},"55":{"start":{"line":201,"column":18},"end":{"line":201,"column":40}},"56":{"start":{"line":201,"column":27},"end":{"line":201,"column":40}},"57":{"start":{"line":211,"column":16},"end":{"line":216,"column":18}},"58":{"start":{"line":215,"column":33},"end":{"line":215,"column":47}},"59":{"start":{"line":249,"column":16},"end":{"line":254,"column":18}},"60":{"start":{"line":253,"column":33},"end":{"line":253,"column":46}},"61":{"start":{"line":263,"column":20},"end":{"line":268,"column":22}},"62":{"start":{"line":267,"column":37},"end":{"line":267,"column":54}},"63":{"start":{"line":280,"column":30},"end":{"line":280,"column":73}},"64":{"start":{"line":281,"column":20},"end":{"line":281,"column":37}},"65":{"start":{"line":298,"column":29},"end":{"line":298,"column":51}},"66":{"start":{"line":315,"column":18},"end":{"line":315,"column":42}},"67":{"start":{"line":316,"column":18},"end":{"line":316,"column":41}},"68":{"start":{"line":316,"column":27},"end":{"line":316,"column":41}},"69":{"start":{"line":345,"column":15},"end":{"line":416,"column":2}}},"fnMap":{"0":{"name":"(anonymous_0)","decl":{"start":{"line":24,"column":15},"end":{"line":24,"column":16}},"loc":{"start":{"line":24,"column":23},"end":{"line":24,"column":66}},"line":24},"1":{"name":"(anonymous_1)","decl":{"start":{"line":25,"column":12},"end":{"line":25,"column":13}},"loc":{"start":{"line":25,"column":19},"end":{"line":25,"column":55}},"line":25},"2":{"name":"Chip","decl":{"start":{"line":38,"column":9},"end":{"line":38,"column":13}},"loc":{"start":{"line":38,"column":42},"end":{"line":50,"column":1}},"line":38},"3":{"name":"EditScreen","decl":{"start":{"line":52,"column":24},"end":{"line":52,"column":34}},"loc":{"start":{"line":52,"column":58},"end":{"line":343,"column":1}},"line":52},"4":{"name":"(anonymous_4)","decl":{"start":{"line":90,"column":12},"end":{"line":90,"column":13}},"loc":{"start":{"line":90,"column":18},"end":{"line":92,"column":3}},"line":90},"5":{"name":"(anonymous_5)","decl":{"start":{"line":94,"column":35},"end":{"line":94,"column":36}},"loc":{"start":{"line":94,"column":41},"end":{"line":100,"column":3}},"line":94},"6":{"name":"(anonymous_6)","decl":{"start":{"line":102,"column":17},"end":{"line":102,"column":18}},"loc":{"start":{"line":102,"column":23},"end":{"line":124,"column":3}},"line":102},"7":{"name":"(anonymous_7)","decl":{"start":{"line":126,"column":19},"end":{"line":126,"column":20}},"loc":{"start":{"line":127,"column":4},"end":{"line":137,"column":6}},"line":127},"8":{"name":"(anonymous_8)","decl":{"start":{"line":132,"column":17},"end":{"line":132,"column":18}},"loc":{"start":{"line":132,"column":23},"end":{"line":135,"column":9}},"line":132},"9":{"name":"pickPhoto","decl":{"start":{"line":139,"column":17},"end":{"line":139,"column":26}},"loc":{"start":{"line":139,"column":29},"end":{"line":150,"column":3}},"line":139},"10":{"name":"(anonymous_10)","decl":{"start":{"line":189,"column":23},"end":{"line":189,"column":24}},"loc":{"start":{"line":189,"column":29},"end":{"line":189,"column":52}},"line":189},"11":{"name":"(anonymous_11)","decl":{"start":{"line":199,"column":26},"end":{"line":199,"column":27}},"loc":{"start":{"line":199,"column":38},"end":{"line":202,"column":17}},"line":199},"12":{"name":"(anonymous_12)","decl":{"start":{"line":210,"column":30},"end":{"line":210,"column":31}},"loc":{"start":{"line":211,"column":16},"end":{"line":216,"column":18}},"line":211},"13":{"name":"(anonymous_13)","decl":{"start":{"line":215,"column":27},"end":{"line":215,"column":28}},"loc":{"start":{"line":215,"column":33},"end":{"line":215,"column":47}},"line":215},"14":{"name":"(anonymous_14)","decl":{"start":{"line":248,"column":45},"end":{"line":248,"column":46}},"loc":{"start":{"line":249,"column":16},"end":{"line":254,"column":18}},"line":249},"15":{"name":"(anonymous_15)","decl":{"start":{"line":253,"column":27},"end":{"line":253,"column":28}},"loc":{"start":{"line":253,"column":33},"end":{"line":253,"column":46}},"line":253},"16":{"name":"(anonymous_16)","decl":{"start":{"line":262,"column":32},"end":{"line":262,"column":33}},"loc":{"start":{"line":263,"column":20},"end":{"line":268,"column":22}},"line":263},"17":{"name":"(anonymous_17)","decl":{"start":{"line":267,"column":31},"end":{"line":267,"column":32}},"loc":{"start":{"line":267,"column":37},"end":{"line":267,"column":54}},"line":267},"18":{"name":"(anonymous_18)","decl":{"start":{"line":279,"column":32},"end":{"line":279,"column":33}},"loc":{"start":{"line":279,"column":41},"end":{"line":282,"column":19}},"line":279},"19":{"name":"(anonymous_19)","decl":{"start":{"line":298,"column":23},"end":{"line":298,"column":24}},"loc":{"start":{"line":298,"column":29},"end":{"line":298,"column":51}},"line":298},"20":{"name":"(anonymous_20)","decl":{"start":{"line":314,"column":26},"end":{"line":314,"column":27}},"loc":{"start":{"line":314,"column":38},"end":{"line":317,"column":17}},"line":314}},"branchMap":{"0":{"loc":{"start":{"line":24,"column":23},"end":{"line":24,"column":66}},"type":"cond-expr","locations":[{"start":{"line":24,"column":43},"end":{"line":24,"column":44}},{"start":{"line":24,"column":47},"end":{"line":24,"column":66}}],"line":24},"1":{"loc":{"start":{"line":42,"column":27},"end":{"line":42,"column":54}},"type":"binary-expr","locations":[{"start":{"line":42,"column":27},"end":{"line":42,"column":33}},{"start":{"line":42,"column":37},"end":{"line":42,"column":54}}],"line":42},"2":{"loc":{"start":{"line":45,"column":37},"end":{"line":45,"column":68}},"type":"binary-expr","locations":[{"start":{"line":45,"column":37},"end":{"line":45,"column":43}},{"start":{"line":45,"column":47},"end":{"line":45,"column":68}}],"line":45},"3":{"loc":{"start":{"line":53,"column":25},"end":{"line":53,"column":56}},"type":"binary-expr","locations":[{"start":{"line":53,"column":25},"end":{"line":53,"column":37}},{"start":{"line":53,"column":41},"end":{"line":53,"column":56}}],"line":53},"4":{"loc":{"start":{"line":58,"column":37},"end":{"line":58,"column":54}},"type":"binary-expr","locations":[{"start":{"line":58,"column":37},"end":{"line":58,"column":48}},{"start":{"line":58,"column":52},"end":{"line":58,"column":54}}],"line":58},"5":{"loc":{"start":{"line":59,"column":39},"end":{"line":59,"column":78}},"type":"cond-expr","locations":[{"start":{"line":59,"column":54},"end":{"line":59,"column":73}},{"start":{"line":59,"column":76},"end":{"line":59,"column":78}}],"line":59},"6":{"loc":{"start":{"line":60,"column":43},"end":{"line":60,"column":70}},"type":"binary-expr","locations":[{"start":{"line":60,"column":43},"end":{"line":60,"column":57}},{"start":{"line":60,"column":61},"end":{"line":60,"column":70}}],"line":60},"7":{"loc":{"start":{"line":61,"column":35},"end":{"line":61,"column":51}},"type":"binary-expr","locations":[{"start":{"line":61,"column":35},"end":{"line":61,"column":45}},{"start":{"line":61,"column":49},"end":{"line":61,"column":51}}],"line":61},"8":{"loc":{"start":{"line":64,"column":35},"end":{"line":64,"column":78}},"type":"cond-expr","locations":[{"start":{"line":64,"column":48},"end":{"line":64,"column":65}},{"start":{"line":64,"column":68},"end":{"line":64,"column":78}}],"line":64},"9":{"loc":{"start":{"line":68,"column":43},"end":{"line":68,"column":65}},"type":"binary-expr","locations":[{"start":{"line":68,"column":43},"end":{"line":68,"column":57}},{"start":{"line":68,"column":61},"end":{"line":68,"column":65}}],"line":68},"10":{"loc":{"start":{"line":71,"column":23},"end":{"line":71,"column":55}},"type":"binary-expr","locations":[{"start":{"line":71,"column":23},"end":{"line":71,"column":45}},{"start":{"line":71,"column":49},"end":{"line":71,"column":55}}],"line":71},"11":{"loc":{"start":{"line":75,"column":4},"end":{"line":77,"column":27}},"type":"cond-expr","locations":[{"start":{"line":76,"column":8},"end":{"line":76,"column":26}},{"start":{"line":77,"column":8},"end":{"line":77,"column":27}}],"line":75},"12":{"loc":{"start":{"line":75,"column":4},"end":{"line":75,"column":71}},"type":"binary-expr","locations":[{"start":{"line":75,"column":4},"end":{"line":75,"column":44}},{"start":{"line":75,"column":48},"end":{"line":75,"column":71}}],"line":75},"13":{"loc":{"start":{"line":80,"column":4},"end":{"line":82,"column":42}},"type":"cond-expr","locations":[{"start":{"line":81,"column":8},"end":{"line":81,"column":53}},{"start":{"line":82,"column":8},"end":{"line":82,"column":42}}],"line":80},"14":{"loc":{"start":{"line":80,"column":4},"end":{"line":80,"column":72}},"type":"binary-expr","locations":[{"start":{"line":80,"column":4},"end":{"line":80,"column":44}},{"start":{"line":80,"column":48},"end":{"line":80,"column":72}}],"line":80},"15":{"loc":{"start":{"line":87,"column":37},"end":{"line":87,"column":82}},"type":"cond-expr","locations":[{"start":{"line":87,"column":51},"end":{"line":87,"column":69}},{"start":{"line":87,"column":72},"end":{"line":87,"column":82}}],"line":87},"16":{"loc":{"start":{"line":91,"column":35},"end":{"line":91,"column":74}},"type":"cond-expr","locations":[{"start":{"line":91,"column":44},"end":{"line":91,"column":58}},{"start":{"line":91,"column":61},"end":{"line":91,"column":74}}],"line":91},"17":{"loc":{"start":{"line":95,"column":4},"end":{"line":95,"column":38}},"type":"if","locations":[{"start":{"line":95,"column":4},"end":{"line":95,"column":38}},{"start":{},"end":{}}],"line":95},"18":{"loc":{"start":{"line":98,"column":11},"end":{"line":98,"column":52}},"type":"cond-expr","locations":[{"start":{"line":98,"column":30},"end":{"line":98,"column":39}},{"start":{"line":98,"column":42},"end":{"line":98,"column":52}}],"line":98},"19":{"loc":{"start":{"line":104,"column":4},"end":{"line":105,"column":68}},"type":"if","locations":[{"start":{"line":104,"column":4},"end":{"line":105,"column":68}},{"start":{},"end":{}}],"line":104},"20":{"loc":{"start":{"line":106,"column":4},"end":{"line":107,"column":71}},"type":"if","locations":[{"start":{"line":106,"column":4},"end":{"line":107,"column":71}},{"start":{},"end":{}}],"line":106},"21":{"loc":{"start":{"line":106,"column":8},"end":{"line":106,"column":41}},"type":"binary-expr","locations":[{"start":{"line":106,"column":8},"end":{"line":106,"column":15}},{"start":{"line":106,"column":19},"end":{"line":106,"column":29}},{"start":{"line":106,"column":33},"end":{"line":106,"column":41}}],"line":106},"22":{"loc":{"start":{"line":115,"column":16},"end":{"line":115,"column":32}},"type":"binary-expr","locations":[{"start":{"line":115,"column":16},"end":{"line":115,"column":24}},{"start":{"line":115,"column":28},"end":{"line":115,"column":32}}],"line":115},"23":{"loc":{"start":{"line":117,"column":13},"end":{"line":117,"column":58}},"type":"cond-expr","locations":[{"start":{"line":117,"column":22},"end":{"line":117,"column":51}},{"start":{"line":117,"column":54},"end":{"line":117,"column":58}}],"line":117},"24":{"loc":{"start":{"line":120,"column":4},"end":{"line":121,"column":22}},"type":"if","locations":[{"start":{"line":120,"column":4},"end":{"line":121,"column":22}},{"start":{"line":121,"column":9},"end":{"line":121,"column":22}}],"line":120},"25":{"loc":{"start":{"line":141,"column":4},"end":{"line":144,"column":5}},"type":"if","locations":[{"start":{"line":141,"column":4},"end":{"line":144,"column":5}},{"start":{},"end":{}}],"line":141},"26":{"loc":{"start":{"line":149,"column":4},"end":{"line":149,"column":54}},"type":"if","locations":[{"start":{"line":149,"column":4},"end":{"line":149,"column":54}},{"start":{},"end":{}}],"line":149},"27":{"loc":{"start":{"line":194,"column":13},"end":{"line":205,"column":13}},"type":"binary-expr","locations":[{"start":{"line":194,"column":13},"end":{"line":194,"column":27}},{"start":{"line":195,"column":14},"end":{"line":204,"column":16}}],"line":194},"28":{"loc":{"start":{"line":198,"column":25},"end":{"line":198,"column":70}},"type":"cond-expr","locations":[{"start":{"line":198,"column":49},"end":{"line":198,"column":58}},{"start":{"line":198,"column":61},"end":{"line":198,"column":70}}],"line":198},"29":{"loc":{"start":{"line":201,"column":18},"end":{"line":201,"column":40}},"type":"if","locations":[{"start":{"line":201,"column":18},"end":{"line":201,"column":40}},{"start":{},"end":{}}],"line":201},"30":{"loc":{"start":{"line":237,"column":15},"end":{"line":242,"column":22}},"type":"cond-expr","locations":[{"start":{"line":238,"column":16},"end":{"line":241,"column":18}},{"start":{"line":242,"column":18},"end":{"line":242,"column":22}}],"line":237},"31":{"loc":{"start":{"line":251,"column":25},"end":{"line":251,"column":88}},"type":"cond-expr","locations":[{"start":{"line":251,"column":42},"end":{"line":251,"column":48}},{"start":{"line":251,"column":51},"end":{"line":251,"column":88}}],"line":251},"32":{"loc":{"start":{"line":251,"column":51},"end":{"line":251,"column":88}},"type":"cond-expr","locations":[{"start":{"line":251,"column":68},"end":{"line":251,"column":76}},{"start":{"line":251,"column":79},"end":{"line":251,"column":88}}],"line":251},"33":{"loc":{"start":{"line":258,"column":13},"end":{"line":272,"column":13}},"type":"binary-expr","locations":[{"start":{"line":258,"column":13},"end":{"line":258,"column":29}},{"start":{"line":259,"column":14},"end":{"line":271,"column":17}}],"line":258},"34":{"loc":{"start":{"line":274,"column":13},"end":{"line":288,"column":13}},"type":"binary-expr","locations":[{"start":{"line":274,"column":13},"end":{"line":274,"column":30}},{"start":{"line":275,"column":14},"end":{"line":287,"column":17}}],"line":274},"35":{"loc":{"start":{"line":280,"column":55},"end":{"line":280,"column":71}},"type":"binary-expr","locations":[{"start":{"line":280,"column":55},"end":{"line":280,"column":66}},{"start":{"line":280,"column":70},"end":{"line":280,"column":71}}],"line":280},"36":{"loc":{"start":{"line":302,"column":16},"end":{"line":302,"column":43}},"type":"binary-expr","locations":[{"start":{"line":302,"column":16},"end":{"line":302,"column":23}},{"start":{"line":302,"column":27},"end":{"line":302,"column":43}}],"line":302},"37":{"loc":{"start":{"line":306,"column":17},"end":{"line":306,"column":74}},"type":"cond-expr","locations":[{"start":{"line":306,"column":26},"end":{"line":306,"column":58}},{"start":{"line":306,"column":61},"end":{"line":306,"column":74}}],"line":306},"38":{"loc":{"start":{"line":309,"column":13},"end":{"line":320,"column":13}},"type":"binary-expr","locations":[{"start":{"line":309,"column":13},"end":{"line":309,"column":26}},{"start":{"line":310,"column":14},"end":{"line":319,"column":16}}],"line":309},"39":{"loc":{"start":{"line":313,"column":25},"end":{"line":313,"column":70}},"type":"cond-expr","locations":[{"start":{"line":313,"column":49},"end":{"line":313,"column":58}},{"start":{"line":313,"column":61},"end":{"line":313,"column":70}}],"line":313},"40":{"loc":{"start":{"line":316,"column":18},"end":{"line":316,"column":41}},"type":"if","locations":[{"start":{"line":316,"column":18},"end":{"line":316,"column":41}},{"start":{},"end":{}}],"line":316},"41":{"loc":{"start":{"line":329,"column":17},"end":{"line":329,"column":56}},"type":"cond-expr","locations":[{"start":{"line":329,"column":26},"end":{"line":329,"column":40}},{"start":{"line":329,"column":43},"end":{"line":329,"column":56}}],"line":329},"42":{"loc":{"start":{"line":333,"column":13},"end":{"line":337,"column":13}},"type":"binary-expr","locations":[{"start":{"line":333,"column":13},"end":{"line":333,"column":19}},{"start":{"line":334,"column":14},"end":{"line":336,"column":33}}],"line":333}},"s":{"0":1,"1":1,"2":1,"3":1,"4":1,"5":11,"6":1,"7":1,"8":1,"9":1,"10":1,"11":1,"12":1,"13":1,"14":1,"15":1,"16":1,"17":1,"18":1,"19":1,"20":1,"21":1,"22":1,"23":1,"24":1,"25":1,"26":1,"27":1,"28":0,"29":1,"30":0,"31":0,"32":0,"33":0,"34":0,"35":0,"36":0,"37":0,"38":0,"39":0,"40":1,"41":0,"42":0,"43":0,"44":0,"45":0,"46":0,"47":0,"48":0,"49":0,"50":0,"51":1,"52":1,"53":0,"54":0,"55":0,"56":0,"57":8,"58":0,"59":3,"60":0,"61":0,"62":0,"63":0,"64":0,"65":0,"66":0,"67":0,"68":0,"69":1},"f":{"0":1,"1":1,"2":11,"3":1,"4":1,"5":1,"6":0,"7":0,"8":0,"9":0,"10":0,"11":0,"12":8,"13":0,"14":3,"15":0,"16":0,"17":0,"18":0,"19":0,"20":0},"b":{"0":[1,0],"1":[11,2],"2":[11,2],"3":[1,1],"4":[1,1],"5":[0,1],"6":[1,1],"7":[1,1],"8":[0,1],"9":[1,1],"10":[1,1],"11":[0,1],"12":[1,0],"13":[0,1],"14":[1,0],"15":[0,1],"16":[0,1],"17":[1,0],"18":[0,0],"19":[0,0],"20":[0,0],"21":[0,0,0],"22":[0,0],"23":[0,0],"24":[0,0],"25":[0,0],"26":[0,0],"27":[1,0],"28":[0,0],"29":[0,0],"30":[0,1],"31":[1,2],"32":[1,1],"33":[1,0],"34":[1,0],"35":[0,0],"36":[1,1],"37":[0,1],"38":[1,0],"39":[0,0],"40":[0,0],"41":[0,1],"42":[1,0]},"_coverageSchema":"1a1c01bbd47fc00a2c39e90264f33305004495a9","hash":"a3235b7de28861f51e2e3fd570bebc52d91579d6"}
,"D:\\assignment-2-main\\src\\screens\\HomeScreen.js": {"path":"D:\\assignment-2-main\\src\\screens\\HomeScreen.js","statementMap":{"0":{"start":{"line":18,"column":15},"end":{"line":18,"column":48}},"1":{"start":{"line":21,"column":15},"end":{"line":21,"column":67}},"2":{"start":{"line":21,"column":23},"end":{"line":21,"column":66}},"3":{"start":{"line":22,"column":12},"end":{"line":22,"column":55}},"4":{"start":{"line":22,"column":19},"end":{"line":22,"column":55}},"5":{"start":{"line":23,"column":16},"end":{"line":23,"column":49}},"6":{"start":{"line":23,"column":23},"end":{"line":23,"column":49}},"7":{"start":{"line":24,"column":19},"end":{"line":30,"column":1}},"8":{"start":{"line":25,"column":14},"end":{"line":25,"column":24}},"9":{"start":{"line":26,"column":16},"end":{"line":26,"column":29}},"10":{"start":{"line":27,"column":2},"end":{"line":27,"column":35}},"11":{"start":{"line":28,"column":13},"end":{"line":28,"column":22}},"12":{"start":{"line":29,"column":2},"end":{"line":29,"column":59}},"13":{"start":{"line":31,"column":20},"end":{"line":35,"column":1}},"14":{"start":{"line":32,"column":13},"end":{"line":32,"column":22}},"15":{"start":{"line":33,"column":14},"end":{"line":33,"column":24}},"16":{"start":{"line":34,"column":2},"end":{"line":34,"column":84}},"17":{"start":{"line":38,"column":14},"end":{"line":38,"column":78}},"18":{"start":{"line":39,"column":87},"end":{"line":39,"column":90}},"19":{"start":{"line":41,"column":23},"end":{"line":41,"column":40}},"20":{"start":{"line":42,"column":12},"end":{"line":42,"column":58}},"21":{"start":{"line":44,"column":20},"end":{"line":44,"column":32}},"22":{"start":{"line":45,"column":28},"end":{"line":45,"column":43}},"23":{"start":{"line":48,"column":15},"end":{"line":53,"column":13}},"24":{"start":{"line":49,"column":16},"end":{"line":49,"column":75}},"25":{"start":{"line":49,"column":25},"end":{"line":49,"column":75}},"26":{"start":{"line":49,"column":46},"end":{"line":49,"column":71}},"27":{"start":{"line":50,"column":21},"end":{"line":50,"column":62}},"28":{"start":{"line":50,"column":45},"end":{"line":50,"column":60}},"29":{"start":{"line":51,"column":21},"end":{"line":51,"column":66}},"30":{"start":{"line":51,"column":45},"end":{"line":51,"column":64}},"31":{"start":{"line":52,"column":4},"end":{"line":52,"column":75}},"32":{"start":{"line":56,"column":19},"end":{"line":69,"column":23}},"33":{"start":{"line":57,"column":24},"end":{"line":63,"column":5}},"34":{"start":{"line":58,"column":6},"end":{"line":58,"column":45}},"35":{"start":{"line":58,"column":33},"end":{"line":58,"column":45}},"36":{"start":{"line":59,"column":6},"end":{"line":59,"column":47}},"37":{"start":{"line":59,"column":29},"end":{"line":59,"column":47}},"38":{"start":{"line":60,"column":6},"end":{"line":60,"column":49}},"39":{"start":{"line":60,"column":28},"end":{"line":60,"column":49}},"40":{"start":{"line":61,"column":6},"end":{"line":61,"column":51}},"41":{"start":{"line":61,"column":29},"end":{"line":61,"column":51}},"42":{"start":{"line":62,"column":6},"end":{"line":62,"column":18}},"43":{"start":{"line":64,"column":4},"end":{"line":68,"column":8}},"44":{"start":{"line":65,"column":21},"end":{"line":65,"column":40}},"45":{"start":{"line":67,"column":8},"end":{"line":67,"column":88}},"46":{"start":{"line":72,"column":32},"end":{"line":72,"column":47}},"47":{"start":{"line":73,"column":32},"end":{"line":73,"column":44}},"48":{"start":{"line":74,"column":34},"end":{"line":74,"column":46}},"49":{"start":{"line":75,"column":38},"end":{"line":75,"column":57}},"50":{"start":{"line":77,"column":25},"end":{"line":91,"column":3}},"51":{"start":{"line":78,"column":16},"end":{"line":78,"column":32}},"52":{"start":{"line":79,"column":4},"end":{"line":79,"column":33}},"53":{"start":{"line":79,"column":26},"end":{"line":79,"column":33}},"54":{"start":{"line":80,"column":18},"end":{"line":80,"column":33}},"55":{"start":{"line":81,"column":4},"end":{"line":86,"column":7}},"56":{"start":{"line":87,"column":4},"end":{"line":87,"column":19}},"57":{"start":{"line":88,"column":4},"end":{"line":88,"column":20}},"58":{"start":{"line":89,"column":4},"end":{"line":89,"column":29}},"59":{"start":{"line":90,"column":4},"end":{"line":90,"column":22}},"60":{"start":{"line":93,"column":17},"end":{"line":93,"column":38}},"61":{"start":{"line":95,"column":2},"end":{"line":252,"column":4}},"62":{"start":{"line":103,"column":29},"end":{"line":103,"column":60}},"63":{"start":{"line":109,"column":29},"end":{"line":109,"column":45}},"64":{"start":{"line":151,"column":23},"end":{"line":151,"column":34}},"65":{"start":{"line":152,"column":12},"end":{"line":160,"column":14}},"66":{"start":{"line":155,"column":31},"end":{"line":155,"column":42}},"67":{"start":{"line":170,"column":36},"end":{"line":170,"column":52}},"68":{"start":{"line":182,"column":12},"end":{"line":196,"column":19}},"69":{"start":{"line":193,"column":40},"end":{"line":193,"column":52}},"70":{"start":{"line":240,"column":42},"end":{"line":240,"column":59}},"71":{"start":{"line":255,"column":15},"end":{"line":277,"column":2}}},"fnMap":{"0":{"name":"(anonymous_0)","decl":{"start":{"line":21,"column":15},"end":{"line":21,"column":16}},"loc":{"start":{"line":21,"column":23},"end":{"line":21,"column":66}},"line":21},"1":{"name":"(anonymous_1)","decl":{"start":{"line":22,"column":12},"end":{"line":22,"column":13}},"loc":{"start":{"line":22,"column":19},"end":{"line":22,"column":55}},"line":22},"2":{"name":"(anonymous_2)","decl":{"start":{"line":23,"column":16},"end":{"line":23,"column":17}},"loc":{"start":{"line":23,"column":23},"end":{"line":23,"column":49}},"line":23},"3":{"name":"(anonymous_3)","decl":{"start":{"line":24,"column":19},"end":{"line":24,"column":20}},"loc":{"start":{"line":24,"column":26},"end":{"line":30,"column":1}},"line":24},"4":{"name":"(anonymous_4)","decl":{"start":{"line":31,"column":20},"end":{"line":31,"column":21}},"loc":{"start":{"line":31,"column":27},"end":{"line":35,"column":1}},"line":31},"5":{"name":"HomeScreen","decl":{"start":{"line":37,"column":24},"end":{"line":37,"column":34}},"loc":{"start":{"line":37,"column":51},"end":{"line":253,"column":1}},"line":37},"6":{"name":"(anonymous_6)","decl":{"start":{"line":39,"column":28},"end":{"line":39,"column":29}},"loc":{"start":{"line":39,"column":34},"end":{"line":39,"column":36}},"line":39},"7":{"name":"(anonymous_7)","decl":{"start":{"line":39,"column":47},"end":{"line":39,"column":48}},"loc":{"start":{"line":39,"column":53},"end":{"line":39,"column":55}},"line":39},"8":{"name":"(anonymous_8)","decl":{"start":{"line":48,"column":23},"end":{"line":48,"column":24}},"loc":{"start":{"line":48,"column":29},"end":{"line":53,"column":3}},"line":48},"9":{"name":"(anonymous_9)","decl":{"start":{"line":49,"column":16},"end":{"line":49,"column":17}},"loc":{"start":{"line":49,"column":25},"end":{"line":49,"column":75}},"line":49},"10":{"name":"(anonymous_10)","decl":{"start":{"line":49,"column":36},"end":{"line":49,"column":37}},"loc":{"start":{"line":49,"column":46},"end":{"line":49,"column":71}},"line":49},"11":{"name":"(anonymous_11)","decl":{"start":{"line":50,"column":38},"end":{"line":50,"column":39}},"loc":{"start":{"line":50,"column":45},"end":{"line":50,"column":60}},"line":50},"12":{"name":"(anonymous_12)","decl":{"start":{"line":51,"column":38},"end":{"line":51,"column":39}},"loc":{"start":{"line":51,"column":45},"end":{"line":51,"column":64}},"line":51},"13":{"name":"(anonymous_13)","decl":{"start":{"line":56,"column":27},"end":{"line":56,"column":28}},"loc":{"start":{"line":56,"column":33},"end":{"line":69,"column":3}},"line":56},"14":{"name":"(anonymous_14)","decl":{"start":{"line":57,"column":24},"end":{"line":57,"column":25}},"loc":{"start":{"line":57,"column":31},"end":{"line":63,"column":5}},"line":57},"15":{"name":"(anonymous_15)","decl":{"start":{"line":65,"column":14},"end":{"line":65,"column":15}},"loc":{"start":{"line":65,"column":21},"end":{"line":65,"column":40}},"line":65},"16":{"name":"(anonymous_16)","decl":{"start":{"line":66,"column":14},"end":{"line":66,"column":15}},"loc":{"start":{"line":67,"column":8},"end":{"line":67,"column":88}},"line":67},"17":{"name":"(anonymous_17)","decl":{"start":{"line":77,"column":25},"end":{"line":77,"column":26}},"loc":{"start":{"line":77,"column":31},"end":{"line":91,"column":3}},"line":77},"18":{"name":"(anonymous_18)","decl":{"start":{"line":103,"column":23},"end":{"line":103,"column":24}},"loc":{"start":{"line":103,"column":29},"end":{"line":103,"column":60}},"line":103},"19":{"name":"(anonymous_19)","decl":{"start":{"line":109,"column":23},"end":{"line":109,"column":24}},"loc":{"start":{"line":109,"column":29},"end":{"line":109,"column":45}},"line":109},"20":{"name":"(anonymous_20)","decl":{"start":{"line":150,"column":22},"end":{"line":150,"column":23}},"loc":{"start":{"line":150,"column":29},"end":{"line":161,"column":11}},"line":150},"21":{"name":"(anonymous_21)","decl":{"start":{"line":155,"column":25},"end":{"line":155,"column":26}},"loc":{"start":{"line":155,"column":31},"end":{"line":155,"column":42}},"line":155},"22":{"name":"(anonymous_22)","decl":{"start":{"line":170,"column":30},"end":{"line":170,"column":31}},"loc":{"start":{"line":170,"column":36},"end":{"line":170,"column":52}},"line":170},"23":{"name":"(anonymous_23)","decl":{"start":{"line":181,"column":21},"end":{"line":181,"column":22}},"loc":{"start":{"line":182,"column":12},"end":{"line":196,"column":19}},"line":182},"24":{"name":"(anonymous_24)","decl":{"start":{"line":193,"column":34},"end":{"line":193,"column":35}},"loc":{"start":{"line":193,"column":40},"end":{"line":193,"column":52}},"line":193},"25":{"name":"(anonymous_25)","decl":{"start":{"line":240,"column":36},"end":{"line":240,"column":37}},"loc":{"start":{"line":240,"column":42},"end":{"line":240,"column":59}},"line":240}},"branchMap":{"0":{"loc":{"start":{"line":21,"column":23},"end":{"line":21,"column":66}},"type":"cond-expr","locations":[{"start":{"line":21,"column":43},"end":{"line":21,"column":44}},{"start":{"line":21,"column":47},"end":{"line":21,"column":66}}],"line":21},"1":{"loc":{"start":{"line":29,"column":9},"end":{"line":29,"column":58}},"type":"binary-expr","locations":[{"start":{"line":29,"column":9},"end":{"line":29,"column":45}},{"start":{"line":29,"column":49},"end":{"line":29,"column":58}}],"line":29},"2":{"loc":{"start":{"line":34,"column":9},"end":{"line":34,"column":83}},"type":"binary-expr","locations":[{"start":{"line":34,"column":9},"end":{"line":34,"column":47}},{"start":{"line":34,"column":51},"end":{"line":34,"column":83}}],"line":34},"3":{"loc":{"start":{"line":38,"column":14},"end":{"line":38,"column":78}},"type":"binary-expr","locations":[{"start":{"line":38,"column":15},"end":{"line":38,"column":71}},{"start":{"line":38,"column":76},"end":{"line":38,"column":78}}],"line":38},"4":{"loc":{"start":{"line":38,"column":15},"end":{"line":38,"column":71}},"type":"cond-expr","locations":[{"start":{"line":38,"column":51},"end":{"line":38,"column":64}},{"start":{"line":38,"column":67},"end":{"line":38,"column":71}}],"line":38},"5":{"loc":{"start":{"line":39,"column":10},"end":{"line":39,"column":20}},"type":"default-arg","locations":[{"start":{"line":39,"column":18},"end":{"line":39,"column":20}}],"line":39},"6":{"loc":{"start":{"line":39,"column":22},"end":{"line":39,"column":36}},"type":"default-arg","locations":[{"start":{"line":39,"column":28},"end":{"line":39,"column":36}}],"line":39},"7":{"loc":{"start":{"line":39,"column":38},"end":{"line":39,"column":55}},"type":"default-arg","locations":[{"start":{"line":39,"column":47},"end":{"line":39,"column":55}}],"line":39},"8":{"loc":{"start":{"line":39,"column":57},"end":{"line":39,"column":66}},"type":"default-arg","locations":[{"start":{"line":39,"column":65},"end":{"line":39,"column":66}}],"line":39},"9":{"loc":{"start":{"line":39,"column":68},"end":{"line":39,"column":82}},"type":"default-arg","locations":[{"start":{"line":39,"column":78},"end":{"line":39,"column":82}}],"line":39},"10":{"loc":{"start":{"line":42,"column":12},"end":{"line":42,"column":58}},"type":"cond-expr","locations":[{"start":{"line":42,"column":34},"end":{"line":42,"column":44}},{"start":{"line":42,"column":47},"end":{"line":42,"column":58}}],"line":42},"11":{"loc":{"start":{"line":49,"column":57},"end":{"line":49,"column":70}},"type":"binary-expr","locations":[{"start":{"line":49,"column":57},"end":{"line":49,"column":65}},{"start":{"line":49,"column":69},"end":{"line":49,"column":70}}],"line":49},"12":{"loc":{"start":{"line":58,"column":6},"end":{"line":58,"column":45}},"type":"if","locations":[{"start":{"line":58,"column":6},"end":{"line":58,"column":45}},{"start":{},"end":{}}],"line":58},"13":{"loc":{"start":{"line":58,"column":10},"end":{"line":58,"column":31}},"type":"binary-expr","locations":[{"start":{"line":58,"column":10},"end":{"line":58,"column":12}},{"start":{"line":58,"column":16},"end":{"line":58,"column":31}}],"line":58},"14":{"loc":{"start":{"line":59,"column":6},"end":{"line":59,"column":47}},"type":"if","locations":[{"start":{"line":59,"column":6},"end":{"line":59,"column":47}},{"start":{},"end":{}}],"line":59},"15":{"loc":{"start":{"line":60,"column":6},"end":{"line":60,"column":49}},"type":"if","locations":[{"start":{"line":60,"column":6},"end":{"line":60,"column":49}},{"start":{},"end":{}}],"line":60},"16":{"loc":{"start":{"line":61,"column":6},"end":{"line":61,"column":51}},"type":"if","locations":[{"start":{"line":61,"column":6},"end":{"line":61,"column":51}},{"start":{},"end":{}}],"line":61},"17":{"loc":{"start":{"line":64,"column":12},"end":{"line":64,"column":23}},"type":"binary-expr","locations":[{"start":{"line":64,"column":12},"end":{"line":64,"column":17}},{"start":{"line":64,"column":21},"end":{"line":64,"column":23}}],"line":64},"18":{"loc":{"start":{"line":67,"column":8},"end":{"line":67,"column":88}},"type":"cond-expr","locations":[{"start":{"line":67,"column":12},"end":{"line":67,"column":81}},{"start":{"line":67,"column":84},"end":{"line":67,"column":88}}],"line":67},"19":{"loc":{"start":{"line":67,"column":26},"end":{"line":67,"column":39}},"type":"binary-expr","locations":[{"start":{"line":67,"column":26},"end":{"line":67,"column":33}},{"start":{"line":67,"column":37},"end":{"line":67,"column":39}}],"line":67},"20":{"loc":{"start":{"line":79,"column":4},"end":{"line":79,"column":33}},"type":"if","locations":[{"start":{"line":79,"column":4},"end":{"line":79,"column":33}},{"start":{},"end":{}}],"line":79},"21":{"loc":{"start":{"line":79,"column":8},"end":{"line":79,"column":24}},"type":"binary-expr","locations":[{"start":{"line":79,"column":8},"end":{"line":79,"column":16}},{"start":{"line":79,"column":20},"end":{"line":79,"column":24}}],"line":79},"22":{"loc":{"start":{"line":84,"column":16},"end":{"line":84,"column":46}},"type":"binary-expr","locations":[{"start":{"line":84,"column":16},"end":{"line":84,"column":33}},{"start":{"line":84,"column":37},"end":{"line":84,"column":46}}],"line":84},"23":{"loc":{"start":{"line":136,"column":75},"end":{"line":136,"column":85}},"type":"binary-expr","locations":[{"start":{"line":136,"column":75},"end":{"line":136,"column":80}},{"start":{"line":136,"column":84},"end":{"line":136,"column":85}}],"line":136},"24":{"loc":{"start":{"line":156,"column":56},"end":{"line":156,"column":76}},"type":"cond-expr","locations":[{"start":{"line":156,"column":61},"end":{"line":156,"column":67}},{"start":{"line":156,"column":70},"end":{"line":156,"column":76}}],"line":156},"25":{"loc":{"start":{"line":158,"column":38},"end":{"line":158,"column":58}},"type":"cond-expr","locations":[{"start":{"line":158,"column":43},"end":{"line":158,"column":49}},{"start":{"line":158,"column":52},"end":{"line":158,"column":58}}],"line":158},"26":{"loc":{"start":{"line":171,"column":34},"end":{"line":171,"column":52}},"type":"binary-expr","locations":[{"start":{"line":171,"column":34},"end":{"line":171,"column":42}},{"start":{"line":171,"column":46},"end":{"line":171,"column":52}}],"line":171},"27":{"loc":{"start":{"line":176,"column":9},"end":{"line":198,"column":9}},"type":"cond-expr","locations":[{"start":{"line":177,"column":10},"end":{"line":179,"column":17}},{"start":{"line":181,"column":10},"end":{"line":197,"column":12}}],"line":176},"28":{"loc":{"start":{"line":178,"column":13},"end":{"line":178,"column":78}},"type":"cond-expr","locations":[{"start":{"line":178,"column":23},"end":{"line":178,"column":65}},{"start":{"line":178,"column":68},"end":{"line":178,"column":78}}],"line":178},"29":{"loc":{"start":{"line":189,"column":19},"end":{"line":189,"column":42}},"type":"binary-expr","locations":[{"start":{"line":189,"column":19},"end":{"line":189,"column":29}},{"start":{"line":189,"column":33},"end":{"line":189,"column":42}}],"line":189},"30":{"loc":{"start":{"line":244,"column":40},"end":{"line":244,"column":58}},"type":"binary-expr","locations":[{"start":{"line":244,"column":40},"end":{"line":244,"column":48}},{"start":{"line":244,"column":52},"end":{"line":244,"column":58}}],"line":244}},"s":{"0":2,"1":2,"2":28,"3":2,"4":16,"5":2,"6":4,"7":2,"8":8,"9":8,"10":8,"11":8,"12":8,"13":2,"14":4,"15":4,"16":4,"17":9,"18":9,"19":9,"20":9,"21":9,"22":9,"23":9,"24":2,"25":6,"26":7,"27":2,"28":4,"29":2,"30":4,"31":2,"32":9,"33":4,"34":12,"35":4,"36":8,"37":0,"38":8,"39":8,"40":0,"41":0,"42":0,"43":4,"44":12,"45":8,"46":9,"47":9,"48":9,"49":9,"50":9,"51":1,"52":1,"53":0,"54":1,"55":1,"56":1,"57":1,"58":1,"59":1,"60":9,"61":9,"62":0,"63":1,"64":36,"65":36,"66":1,"67":0,"68":7,"69":0,"70":0,"71":2},"f":{"0":28,"1":16,"2":4,"3":8,"4":4,"5":9,"6":0,"7":0,"8":2,"9":6,"10":7,"11":4,"12":4,"13":4,"14":12,"15":12,"16":8,"17":1,"18":0,"19":1,"20":36,"21":1,"22":0,"23":7,"24":0,"25":0},"b":{"0":[5,23],"1":[8,4],"2":[4,4],"3":[9,0],"4":[9,0],"5":[0],"6":[0],"7":[0],"8":[0],"9":[0],"10":[0,9],"11":[7,0],"12":[4,8],"13":[12,12],"14":[0,8],"15":[8,0],"16":[0,0],"17":[4,0],"18":[2,6],"19":[2,2],"20":[0,1],"21":[1,1],"22":[1,0],"23":[9,6],"24":[9,27],"25":[9,27],"26":[9,9],"27":[6,3],"28":[6,0],"29":[7,0],"30":[9,9]},"_coverageSchema":"1a1c01bbd47fc00a2c39e90264f33305004495a9","hash":"58befc21f4a85a0b097ffe1c7361cde35715747c"}
,"D:\\assignment-2-main\\src\\screens\\SettingsScreen.js": {"path":"D:\\assignment-2-main\\src\\screens\\SettingsScreen.js","statementMap":{"0":{"start":{"line":22,"column":27},"end":{"line":22,"column":44}},"1":{"start":{"line":23,"column":25},"end":{"line":23,"column":87}},"2":{"start":{"line":26,"column":34},"end":{"line":26,"column":49}},"3":{"start":{"line":28,"column":40},"end":{"line":28,"column":55}},"4":{"start":{"line":30,"column":38},"end":{"line":30,"column":53}},"5":{"start":{"line":31,"column":38},"end":{"line":31,"column":50}},"6":{"start":{"line":33,"column":2},"end":{"line":40,"column":9}},"7":{"start":{"line":34,"column":4},"end":{"line":39,"column":9}},"8":{"start":{"line":35,"column":16},"end":{"line":35,"column":54}},"9":{"start":{"line":36,"column":6},"end":{"line":36,"column":28}},"10":{"start":{"line":36,"column":13},"end":{"line":36,"column":28}},"11":{"start":{"line":37,"column":17},"end":{"line":37,"column":58}},"12":{"start":{"line":38,"column":6},"end":{"line":38,"column":44}},"13":{"start":{"line":38,"column":14},"end":{"line":38,"column":44}},"14":{"start":{"line":43,"column":4},"end":{"line":43,"column":35}},"15":{"start":{"line":44,"column":4},"end":{"line":44,"column":62}},"16":{"start":{"line":45,"column":4},"end":{"line":45,"column":65}},"17":{"start":{"line":50,"column":19},"end":{"line":50,"column":72}},"18":{"start":{"line":51,"column":16},"end":{"line":51,"column":65}},"19":{"start":{"line":51,"column":23},"end":{"line":51,"column":65}},"20":{"start":{"line":52,"column":17},"end":{"line":59,"column":6}},"21":{"start":{"line":52,"column":33},"end":{"line":59,"column":5}},"22":{"start":{"line":60,"column":4},"end":{"line":60,"column":73}},"23":{"start":{"line":60,"column":40},"end":{"line":60,"column":60}},"24":{"start":{"line":64,"column":17},"end":{"line":64,"column":60}},"25":{"start":{"line":65,"column":4},"end":{"line":65,"column":78}},"26":{"start":{"line":66,"column":4},"end":{"line":66,"column":35}},"27":{"start":{"line":70,"column":17},"end":{"line":70,"column":59}},"28":{"start":{"line":71,"column":16},"end":{"line":71,"column":28}},"29":{"start":{"line":72,"column":4},"end":{"line":74,"column":7}},"30":{"start":{"line":75,"column":4},"end":{"line":75,"column":35}},"31":{"start":{"line":80,"column":4},"end":{"line":90,"column":5}},"32":{"start":{"line":81,"column":21},"end":{"line":81,"column":43}},"33":{"start":{"line":82,"column":6},"end":{"line":82,"column":84}},"34":{"start":{"line":82,"column":34},"end":{"line":82,"column":84}},"35":{"start":{"line":84,"column":6},"end":{"line":84,"column":72}},"36":{"start":{"line":85,"column":6},"end":{"line":85,"column":27}},"37":{"start":{"line":86,"column":6},"end":{"line":86,"column":24}},"38":{"start":{"line":87,"column":6},"end":{"line":87,"column":77}},"39":{"start":{"line":89,"column":6},"end":{"line":89,"column":45}},"40":{"start":{"line":95,"column":24},"end":{"line":95,"column":68}},"41":{"start":{"line":96,"column":4},"end":{"line":96,"column":100}},"42":{"start":{"line":96,"column":22},"end":{"line":96,"column":100}},"43":{"start":{"line":97,"column":21},"end":{"line":97,"column":64}},"44":{"start":{"line":98,"column":4},"end":{"line":99,"column":99}},"45":{"start":{"line":99,"column":6},"end":{"line":99,"column":99}},"46":{"start":{"line":101,"column":16},"end":{"line":105,"column":6}},"47":{"start":{"line":106,"column":4},"end":{"line":106,"column":133}},"48":{"start":{"line":110,"column":24},"end":{"line":110,"column":68}},"49":{"start":{"line":111,"column":21},"end":{"line":111,"column":64}},"50":{"start":{"line":112,"column":4},"end":{"line":117,"column":5}},"51":{"start":{"line":113,"column":6},"end":{"line":116,"column":8}},"52":{"start":{"line":118,"column":4},"end":{"line":118,"column":22}},"53":{"start":{"line":119,"column":4},"end":{"line":119,"column":57}},"54":{"start":{"line":120,"column":4},"end":{"line":120,"column":80}},"55":{"start":{"line":120,"column":11},"end":{"line":120,"column":80}},"56":{"start":{"line":123,"column":17},"end":{"line":126,"column":3}},"57":{"start":{"line":124,"column":4},"end":{"line":124,"column":42}},"58":{"start":{"line":125,"column":4},"end":{"line":125,"column":32}},"59":{"start":{"line":128,"column":2},"end":{"line":236,"column":4}},"60":{"start":{"line":145,"column":12},"end":{"line":154,"column":31}},"61":{"start":{"line":147,"column":29},"end":{"line":147,"column":44}},"62":{"start":{"line":165,"column":66},"end":{"line":165,"column":88}},"63":{"start":{"line":183,"column":27},"end":{"line":183,"column":46}},"64":{"start":{"line":223,"column":47},"end":{"line":223,"column":67}},"65":{"start":{"line":239,"column":15},"end":{"line":327,"column":2}}},"fnMap":{"0":{"name":"SettingsScreen","decl":{"start":{"line":21,"column":24},"end":{"line":21,"column":38}},"loc":{"start":{"line":21,"column":55},"end":{"line":237,"column":1}},"line":21},"1":{"name":"(anonymous_1)","decl":{"start":{"line":33,"column":12},"end":{"line":33,"column":13}},"loc":{"start":{"line":33,"column":18},"end":{"line":40,"column":3}},"line":33},"2":{"name":"(anonymous_2)","decl":{"start":{"line":34,"column":5},"end":{"line":34,"column":6}},"loc":{"start":{"line":34,"column":17},"end":{"line":39,"column":5}},"line":34},"3":{"name":"saveCurrency","decl":{"start":{"line":42,"column":17},"end":{"line":42,"column":29}},"loc":{"start":{"line":42,"column":35},"end":{"line":46,"column":3}},"line":42},"4":{"name":"toCSV","decl":{"start":{"line":49,"column":11},"end":{"line":49,"column":16}},"loc":{"start":{"line":49,"column":23},"end":{"line":61,"column":3}},"line":49},"5":{"name":"(anonymous_5)","decl":{"start":{"line":51,"column":16},"end":{"line":51,"column":17}},"loc":{"start":{"line":51,"column":23},"end":{"line":51,"column":65}},"line":51},"6":{"name":"(anonymous_6)","decl":{"start":{"line":52,"column":26},"end":{"line":52,"column":27}},"loc":{"start":{"line":52,"column":33},"end":{"line":59,"column":5}},"line":52},"7":{"name":"(anonymous_7)","decl":{"start":{"line":60,"column":33},"end":{"line":60,"column":34}},"loc":{"start":{"line":60,"column":40},"end":{"line":60,"column":60}},"line":60},"8":{"name":"exportJSON","decl":{"start":{"line":63,"column":17},"end":{"line":63,"column":27}},"loc":{"start":{"line":63,"column":30},"end":{"line":67,"column":3}},"line":63},"9":{"name":"exportCSV","decl":{"start":{"line":69,"column":17},"end":{"line":69,"column":26}},"loc":{"start":{"line":69,"column":29},"end":{"line":76,"column":3}},"line":69},"10":{"name":"performImport","decl":{"start":{"line":79,"column":17},"end":{"line":79,"column":30}},"loc":{"start":{"line":79,"column":33},"end":{"line":91,"column":3}},"line":79},"11":{"name":"testBiometric","decl":{"start":{"line":94,"column":17},"end":{"line":94,"column":30}},"loc":{"start":{"line":94,"column":33},"end":{"line":107,"column":3}},"line":94},"12":{"name":"toggleLock","decl":{"start":{"line":109,"column":17},"end":{"line":109,"column":27}},"loc":{"start":{"line":109,"column":31},"end":{"line":121,"column":3}},"line":109},"13":{"name":"(anonymous_13)","decl":{"start":{"line":123,"column":17},"end":{"line":123,"column":18}},"loc":{"start":{"line":123,"column":29},"end":{"line":126,"column":3}},"line":123},"14":{"name":"(anonymous_14)","decl":{"start":{"line":144,"column":44},"end":{"line":144,"column":45}},"loc":{"start":{"line":145,"column":12},"end":{"line":154,"column":31}},"line":145},"15":{"name":"(anonymous_15)","decl":{"start":{"line":147,"column":23},"end":{"line":147,"column":24}},"loc":{"start":{"line":147,"column":29},"end":{"line":147,"column":44}},"line":147},"16":{"name":"(anonymous_16)","decl":{"start":{"line":165,"column":60},"end":{"line":165,"column":61}},"loc":{"start":{"line":165,"column":66},"end":{"line":165,"column":88}},"line":165},"17":{"name":"(anonymous_17)","decl":{"start":{"line":183,"column":21},"end":{"line":183,"column":22}},"loc":{"start":{"line":183,"column":27},"end":{"line":183,"column":46}},"line":183},"18":{"name":"(anonymous_18)","decl":{"start":{"line":223,"column":41},"end":{"line":223,"column":42}},"loc":{"start":{"line":223,"column":47},"end":{"line":223,"column":67}},"line":223}},"branchMap":{"0":{"loc":{"start":{"line":23,"column":10},"end":{"line":23,"column":20}},"type":"default-arg","locations":[{"start":{"line":23,"column":18},"end":{"line":23,"column":20}}],"line":23},"1":{"loc":{"start":{"line":23,"column":25},"end":{"line":23,"column":87}},"type":"binary-expr","locations":[{"start":{"line":23,"column":26},"end":{"line":23,"column":80}},{"start":{"line":23,"column":85},"end":{"line":23,"column":87}}],"line":23},"2":{"loc":{"start":{"line":23,"column":26},"end":{"line":23,"column":80}},"type":"cond-expr","locations":[{"start":{"line":23,"column":62},"end":{"line":23,"column":75}},{"start":{"line":23,"column":78},"end":{"line":23,"column":80}}],"line":23},"3":{"loc":{"start":{"line":36,"column":6},"end":{"line":36,"column":28}},"type":"if","locations":[{"start":{"line":36,"column":6},"end":{"line":36,"column":28}},{"start":{},"end":{}}],"line":36},"4":{"loc":{"start":{"line":38,"column":6},"end":{"line":38,"column":44}},"type":"if","locations":[{"start":{"line":38,"column":6},"end":{"line":38,"column":44}},{"start":{},"end":{}}],"line":38},"5":{"loc":{"start":{"line":51,"column":34},"end":{"line":51,"column":41}},"type":"binary-expr","locations":[{"start":{"line":51,"column":34},"end":{"line":51,"column":35}},{"start":{"line":51,"column":39},"end":{"line":51,"column":41}}],"line":51},"6":{"loc":{"start":{"line":53,"column":6},"end":{"line":53,"column":16}},"type":"binary-expr","locations":[{"start":{"line":53,"column":6},"end":{"line":53,"column":10}},{"start":{"line":53,"column":14},"end":{"line":53,"column":16}}],"line":53},"7":{"loc":{"start":{"line":54,"column":6},"end":{"line":54,"column":19}},"type":"binary-expr","locations":[{"start":{"line":54,"column":6},"end":{"line":54,"column":13}},{"start":{"line":54,"column":17},"end":{"line":54,"column":19}}],"line":54},"8":{"loc":{"start":{"line":55,"column":6},"end":{"line":55,"column":20}},"type":"binary-expr","locations":[{"start":{"line":55,"column":6},"end":{"line":55,"column":14}},{"start":{"line":55,"column":18},"end":{"line":55,"column":20}}],"line":55},"9":{"loc":{"start":{"line":56,"column":6},"end":{"line":56,"column":18}},"type":"binary-expr","locations":[{"start":{"line":56,"column":6},"end":{"line":56,"column":12}},{"start":{"line":56,"column":16},"end":{"line":56,"column":18}}],"line":56},"10":{"loc":{"start":{"line":57,"column":6},"end":{"line":57,"column":22}},"type":"binary-expr","locations":[{"start":{"line":57,"column":6},"end":{"line":57,"column":16}},{"start":{"line":57,"column":20},"end":{"line":57,"column":22}}],"line":57},"11":{"loc":{"start":{"line":58,"column":6},"end":{"line":58,"column":18}},"type":"binary-expr","locations":[{"start":{"line":58,"column":6},"end":{"line":58,"column":12}},{"start":{"line":58,"column":16},"end":{"line":58,"column":18}}],"line":58},"12":{"loc":{"start":{"line":82,"column":6},"end":{"line":82,"column":84}},"type":"if","locations":[{"start":{"line":82,"column":6},"end":{"line":82,"column":84}},{"start":{},"end":{}}],"line":82},"13":{"loc":{"start":{"line":96,"column":4},"end":{"line":96,"column":100}},"type":"if","locations":[{"start":{"line":96,"column":4},"end":{"line":96,"column":100}},{"start":{},"end":{}}],"line":96},"14":{"loc":{"start":{"line":98,"column":4},"end":{"line":99,"column":99}},"type":"if","locations":[{"start":{"line":98,"column":4},"end":{"line":99,"column":99}},{"start":{},"end":{}}],"line":98},"15":{"loc":{"start":{"line":106,"column":16},"end":{"line":106,"column":51}},"type":"cond-expr","locations":[{"start":{"line":106,"column":30},"end":{"line":106,"column":40}},{"start":{"line":106,"column":43},"end":{"line":106,"column":51}}],"line":106},"16":{"loc":{"start":{"line":106,"column":53},"end":{"line":106,"column":131}},"type":"cond-expr","locations":[{"start":{"line":106,"column":67},"end":{"line":106,"column":95}},{"start":{"line":106,"column":98},"end":{"line":106,"column":131}}],"line":106},"17":{"loc":{"start":{"line":112,"column":4},"end":{"line":117,"column":5}},"type":"if","locations":[{"start":{"line":112,"column":4},"end":{"line":117,"column":5}},{"start":{},"end":{}}],"line":112},"18":{"loc":{"start":{"line":112,"column":8},"end":{"line":112,"column":40}},"type":"binary-expr","locations":[{"start":{"line":112,"column":8},"end":{"line":112,"column":9}},{"start":{"line":112,"column":14},"end":{"line":112,"column":26}},{"start":{"line":112,"column":30},"end":{"line":112,"column":39}}],"line":112},"19":{"loc":{"start":{"line":120,"column":4},"end":{"line":120,"column":80}},"type":"if","locations":[{"start":{"line":120,"column":4},"end":{"line":120,"column":80}},{"start":{},"end":{}}],"line":120},"20":{"loc":{"start":{"line":150,"column":16},"end":{"line":150,"column":64}},"type":"binary-expr","locations":[{"start":{"line":150,"column":16},"end":{"line":150,"column":30}},{"start":{"line":150,"column":34},"end":{"line":150,"column":64}}],"line":150},"21":{"loc":{"start":{"line":153,"column":45},"end":{"line":153,"column":80}},"type":"binary-expr","locations":[{"start":{"line":153,"column":45},"end":{"line":153,"column":59}},{"start":{"line":153,"column":63},"end":{"line":153,"column":80}}],"line":153}},"s":{"0":6,"1":6,"2":6,"3":6,"4":6,"5":6,"6":6,"7":4,"8":4,"9":4,"10":0,"11":4,"12":4,"13":0,"14":0,"15":0,"16":0,"17":0,"18":0,"19":0,"20":0,"21":0,"22":0,"23":0,"24":0,"25":0,"26":0,"27":0,"28":0,"29":0,"30":0,"31":0,"32":0,"33":0,"34":0,"35":0,"36":0,"37":0,"38":0,"39":0,"40":0,"41":0,"42":0,"43":0,"44":0,"45":0,"46":0,"47":0,"48":0,"49":0,"50":0,"51":0,"52":0,"53":0,"54":0,"55":0,"56":6,"57":1,"58":1,"59":6,"60":24,"61":0,"62":0,"63":0,"64":0,"65":3},"f":{"0":6,"1":4,"2":4,"3":0,"4":0,"5":0,"6":0,"7":0,"8":0,"9":0,"10":0,"11":0,"12":0,"13":1,"14":24,"15":0,"16":0,"17":0,"18":0},"b":{"0":[1],"1":[6,0],"2":[6,0],"3":[0,4],"4":[0,4],"5":[0,0],"6":[0,0],"7":[0,0],"8":[0,0],"9":[0,0],"10":[0,0],"11":[0,0],"12":[0,0],"13":[0,0],"14":[0,0],"15":[0,0],"16":[0,0],"17":[0,0],"18":[0,0,0],"19":[0,0],"20":[24,6],"21":[24,6]},"_coverageSchema":"1a1c01bbd47fc00a2c39e90264f33305004495a9","hash":"c1caba2659dda3714428bf1e48b05f1ffdeea47e"}
,"D:\\assignment-2-main\\src\\storage\\db.js": {"path":"D:\\assignment-2-main\\src\\storage\\db.js","statementMap":{"0":{"start":{"line":5,"column":20},"end":{"line":5,"column":33}},"1":{"start":{"line":7,"column":21},"end":{"line":14,"column":1}},"2":{"start":{"line":16,"column":24},"end":{"line":16,"column":57}},"3":{"start":{"line":19,"column":2},"end":{"line":19,"column":53}},"4":{"start":{"line":23,"column":28},"end":{"line":23,"column":40}},"5":{"start":{"line":24,"column":32},"end":{"line":24,"column":47}},"6":{"start":{"line":26,"column":2},"end":{"line":35,"column":9}},"7":{"start":{"line":27,"column":4},"end":{"line":34,"column":9}},"8":{"start":{"line":28,"column":6},"end":{"line":33,"column":7}},"9":{"start":{"line":29,"column":20},"end":{"line":29,"column":59}},"10":{"start":{"line":30,"column":8},"end":{"line":30,"column":43}},"11":{"start":{"line":30,"column":17},"end":{"line":30,"column":43}},"12":{"start":{"line":32,"column":8},"end":{"line":32,"column":25}},"13":{"start":{"line":37,"column":2},"end":{"line":41,"column":23}},"14":{"start":{"line":38,"column":4},"end":{"line":40,"column":5}},"15":{"start":{"line":39,"column":6},"end":{"line":39,"column":63}},"16":{"start":{"line":43,"column":14},"end":{"line":54,"column":3}},"17":{"start":{"line":44,"column":16},"end":{"line":44,"column":26}},"18":{"start":{"line":45,"column":4},"end":{"line":53,"column":7}},"19":{"start":{"line":45,"column":23},"end":{"line":53,"column":5}},"20":{"start":{"line":56,"column":17},"end":{"line":57,"column":83}},"21":{"start":{"line":57,"column":4},"end":{"line":57,"column":83}},"22":{"start":{"line":57,"column":23},"end":{"line":57,"column":82}},"23":{"start":{"line":57,"column":41},"end":{"line":57,"column":80}},"24":{"start":{"line":59,"column":17},"end":{"line":59,"column":78}},"25":{"start":{"line":59,"column":25},"end":{"line":59,"column":78}},"26":{"start":{"line":59,"column":44},"end":{"line":59,"column":77}},"27":{"start":{"line":59,"column":64},"end":{"line":59,"column":76}},"28":{"start":{"line":61,"column":16},"end":{"line":64,"column":3}},"29":{"start":{"line":62,"column":10},"end":{"line":62,"column":68}},"30":{"start":{"line":62,"column":36},"end":{"line":62,"column":64}},"31":{"start":{"line":66,"column":16},"end":{"line":66,"column":62}},"32":{"start":{"line":67,"column":2},"end":{"line":67,"column":87}}},"fnMap":{"0":{"name":"(anonymous_0)","decl":{"start":{"line":9,"column":7},"end":{"line":9,"column":8}},"loc":{"start":{"line":9,"column":13},"end":{"line":9,"column":15}},"line":9},"1":{"name":"(anonymous_1)","decl":{"start":{"line":10,"column":10},"end":{"line":10,"column":11}},"loc":{"start":{"line":10,"column":16},"end":{"line":10,"column":18}},"line":10},"2":{"name":"(anonymous_2)","decl":{"start":{"line":11,"column":10},"end":{"line":11,"column":11}},"loc":{"start":{"line":11,"column":16},"end":{"line":11,"column":18}},"line":11},"3":{"name":"useExpenses","decl":{"start":{"line":18,"column":16},"end":{"line":18,"column":27}},"loc":{"start":{"line":18,"column":30},"end":{"line":20,"column":1}},"line":18},"4":{"name":"ExpensesProvider","decl":{"start":{"line":22,"column":16},"end":{"line":22,"column":32}},"loc":{"start":{"line":22,"column":47},"end":{"line":68,"column":1}},"line":22},"5":{"name":"(anonymous_5)","decl":{"start":{"line":26,"column":12},"end":{"line":26,"column":13}},"loc":{"start":{"line":26,"column":18},"end":{"line":35,"column":3}},"line":26},"6":{"name":"(anonymous_6)","decl":{"start":{"line":27,"column":5},"end":{"line":27,"column":6}},"loc":{"start":{"line":27,"column":17},"end":{"line":34,"column":5}},"line":27},"7":{"name":"(anonymous_7)","decl":{"start":{"line":37,"column":12},"end":{"line":37,"column":13}},"loc":{"start":{"line":37,"column":18},"end":{"line":41,"column":3}},"line":37},"8":{"name":"(anonymous_8)","decl":{"start":{"line":43,"column":14},"end":{"line":43,"column":15}},"loc":{"start":{"line":43,"column":21},"end":{"line":54,"column":3}},"line":43},"9":{"name":"(anonymous_9)","decl":{"start":{"line":45,"column":13},"end":{"line":45,"column":14}},"loc":{"start":{"line":45,"column":23},"end":{"line":53,"column":5}},"line":45},"10":{"name":"(anonymous_10)","decl":{"start":{"line":56,"column":17},"end":{"line":56,"column":18}},"loc":{"start":{"line":57,"column":4},"end":{"line":57,"column":83}},"line":57},"11":{"name":"(anonymous_11)","decl":{"start":{"line":57,"column":13},"end":{"line":57,"column":14}},"loc":{"start":{"line":57,"column":23},"end":{"line":57,"column":82}},"line":57},"12":{"name":"(anonymous_12)","decl":{"start":{"line":57,"column":32},"end":{"line":57,"column":33}},"loc":{"start":{"line":57,"column":41},"end":{"line":57,"column":80}},"line":57},"13":{"name":"(anonymous_13)","decl":{"start":{"line":59,"column":17},"end":{"line":59,"column":18}},"loc":{"start":{"line":59,"column":25},"end":{"line":59,"column":78}},"line":59},"14":{"name":"(anonymous_14)","decl":{"start":{"line":59,"column":34},"end":{"line":59,"column":35}},"loc":{"start":{"line":59,"column":44},"end":{"line":59,"column":77}},"line":59},"15":{"name":"(anonymous_15)","decl":{"start":{"line":59,"column":56},"end":{"line":59,"column":57}},"loc":{"start":{"line":59,"column":64},"end":{"line":59,"column":76}},"line":59},"16":{"name":"(anonymous_16)","decl":{"start":{"line":62,"column":4},"end":{"line":62,"column":5}},"loc":{"start":{"line":62,"column":10},"end":{"line":62,"column":68}},"line":62},"17":{"name":"(anonymous_17)","decl":{"start":{"line":62,"column":23},"end":{"line":62,"column":24}},"loc":{"start":{"line":62,"column":36},"end":{"line":62,"column":64}},"line":62}},"branchMap":{"0":{"loc":{"start":{"line":19,"column":9},"end":{"line":19,"column":52}},"type":"binary-expr","locations":[{"start":{"line":19,"column":9},"end":{"line":19,"column":36}},{"start":{"line":19,"column":40},"end":{"line":19,"column":52}}],"line":19},"1":{"loc":{"start":{"line":30,"column":8},"end":{"line":30,"column":43}},"type":"if","locations":[{"start":{"line":30,"column":8},"end":{"line":30,"column":43}},{"start":{},"end":{}}],"line":30},"2":{"loc":{"start":{"line":38,"column":4},"end":{"line":40,"column":5}},"type":"if","locations":[{"start":{"line":38,"column":4},"end":{"line":40,"column":5}},{"start":{},"end":{}}],"line":38},"3":{"loc":{"start":{"line":57,"column":41},"end":{"line":57,"column":80}},"type":"cond-expr","locations":[{"start":{"line":57,"column":56},"end":{"line":57,"column":75}},{"start":{"line":57,"column":78},"end":{"line":57,"column":80}}],"line":57},"4":{"loc":{"start":{"line":62,"column":49},"end":{"line":62,"column":63}},"type":"binary-expr","locations":[{"start":{"line":62,"column":49},"end":{"line":62,"column":58}},{"start":{"line":62,"column":62},"end":{"line":62,"column":63}}],"line":62}},"s":{"0":4,"1":4,"2":4,"3":11,"4":5,"5":5,"6":5,"7":1,"8":1,"9":1,"10":1,"11":0,"12":1,"13":5,"14":5,"15":4,"16":5,"17":1,"18":1,"19":1,"20":5,"21":1,"22":1,"23":1,"24":5,"25":1,"26":1,"27":1,"28":5,"29":4,"30":2,"31":5,"32":5},"f":{"0":0,"1":0,"2":0,"3":11,"4":5,"5":1,"6":1,"7":5,"8":1,"9":1,"10":1,"11":1,"12":1,"13":1,"14":1,"15":1,"16":4,"17":2},"b":{"0":[11,0],"1":[0,1],"2":[4,1],"3":[1,0],"4":[2,0]},"_coverageSchema":"1a1c01bbd47fc00a2c39e90264f33305004495a9","hash":"fedf98e6e9fdc1323670f500c3caf92a0f8a5783"}
}
