TN:
SF:src\theme.js
FNF:0
FNH:0
DA:2,2
LF:1
LH:1
BRF:0
BRH:0
end_of_record
TN:
SF:src\components\ChartCard.js
FN:12,ChartCard
FN:24,(anonymous_1)
FN:26,(anonymous_2)
FN:34,(anonymous_3)
FN:35,(anonymous_4)
FN:36,(anonymous_5)
FN:61,(anonymous_6)
FN:66,(anonymous_7)
FN:75,(anonymous_8)
FN:89,(anonymous_9)
FN:117,(anonymous_10)
FN:133,(anonymous_11)
FNF:12
FNH:12
FNDA:11,ChartCard
FNDA:6,(anonymous_1)
FNDA:11,(anonymous_2)
FNDA:9,(anonymous_3)
FNDA:8,(anonymous_4)
FNDA:9,(anonymous_5)
FNDA:18,(anonymous_6)
FNDA:9,(anonymous_7)
FNDA:9,(anonymous_8)
FNDA:13,(anonymous_9)
FNDA:9,(anonymous_10)
FNDA:9,(anonymous_11)
DA:13,11
DA:24,11
DA:25,6
DA:26,6
DA:28,11
DA:29,11
DA:30,10
DA:31,10
DA:32,10
DA:34,9
DA:35,8
DA:36,9
DA:37,6
DA:40,11
DA:43,11
DA:55,11
DA:56,11
DA:57,11
DA:58,11
DA:59,11
DA:61,18
DA:66,11
DA:67,9
DA:68,9
DA:69,9
DA:70,9
DA:73,11
DA:74,11
DA:76,9
DA:77,9
DA:78,9
DA:79,9
DA:80,9
DA:89,13
DA:91,11
DA:118,9
DA:134,9
DA:147,3
LF:38
LH:38
BRDA:12,0,0,0
BRDA:12,1,0,1
BRDA:13,2,0,11
BRDA:13,2,1,2
BRDA:26,3,0,6
BRDA:26,3,1,0
BRDA:28,4,0,11
BRDA:28,4,1,0
BRDA:28,4,2,0
BRDA:29,5,0,1
BRDA:29,5,1,10
BRDA:29,6,0,11
BRDA:29,6,1,11
BRDA:30,7,0,10
BRDA:30,7,1,0
BRDA:30,7,2,0
BRDA:31,8,0,10
BRDA:31,8,1,0
BRDA:32,9,0,10
BRDA:32,9,1,9
BRDA:40,10,0,11
BRDA:40,10,1,4
BRDA:44,11,0,11
BRDA:44,11,1,0
BRDA:69,12,0,4
BRDA:69,12,1,5
BRDA:74,13,0,4
BRDA:74,13,1,7
BRDA:89,14,0,13
BRDA:89,14,1,0
BRDA:95,15,0,7
BRDA:95,15,1,4
BRF:32
BRH:23
end_of_record
TN:
SF:src\components\DismissKeyboardView.js
FN:4,DismissKeyboardView
FNF:1
FNH:1
FNDA:9,DismissKeyboardView
DA:5,9
LF:1
LH:1
BRF:0
BRH:0
end_of_record
TN:
SF:src\context\ThemeContext.js
FN:9,(anonymous_0)
FN:10,(anonymous_1)
FN:14,ThemeProvider
FN:18,(anonymous_3)
FN:18,(anonymous_4)
FN:19,(anonymous_5)
FN:19,(anonymous_6)
FN:22,(anonymous_7)
FN:22,(anonymous_8)
FN:24,(anonymous_9)
FN:29,useThemeContext
FNF:11
FNH:8
FNDA:0,(anonymous_0)
FNDA:0,(anonymous_1)
FNDA:5,ThemeProvider
FNDA:3,(anonymous_3)
FNDA:3,(anonymous_4)
FNDA:5,(anonymous_5)
FNDA:0,(anonymous_6)
FNDA:1,(anonymous_7)
FNDA:1,(anonymous_8)
FNDA:5,(anonymous_9)
FNDA:6,useThemeContext
DA:5,3
DA:7,3
DA:15,5
DA:16,5
DA:18,5
DA:19,5
DA:21,5
DA:22,5
DA:24,5
DA:26,5
DA:30,6
LF:11
LH:11
BRDA:18,0,0,3
BRDA:18,0,1,1
BRDA:21,1,0,4
BRDA:21,1,1,1
BRDA:21,2,0,4
BRDA:21,2,1,0
BRDA:22,3,0,0
BRDA:22,3,1,1
BRDA:22,4,0,0
BRDA:22,4,1,1
BRF:10
BRH:7
end_of_record
TN:
SF:src\screens\EditScreen.js
FN:24,(anonymous_0)
FN:25,(anonymous_1)
FN:38,Chip
FN:52,EditScreen
FN:90,(anonymous_4)
FN:94,(anonymous_5)
FN:102,(anonymous_6)
FN:126,(anonymous_7)
FN:132,(anonymous_8)
FN:139,pickPhoto
FN:189,(anonymous_10)
FN:199,(anonymous_11)
FN:210,(anonymous_12)
FN:215,(anonymous_13)
FN:248,(anonymous_14)
FN:253,(anonymous_15)
FN:262,(anonymous_16)
FN:267,(anonymous_17)
FN:279,(anonymous_18)
FN:298,(anonymous_19)
FN:314,(anonymous_20)
FNF:21
FNH:8
FNDA:1,(anonymous_0)
FNDA:1,(anonymous_1)
FNDA:11,Chip
FNDA:1,EditScreen
FNDA:1,(anonymous_4)
FNDA:1,(anonymous_5)
FNDA:0,(anonymous_6)
FNDA:0,(anonymous_7)
FNDA:0,(anonymous_8)
FNDA:0,pickPhoto
FNDA:0,(anonymous_10)
FNDA:0,(anonymous_11)
FNDA:8,(anonymous_12)
FNDA:0,(anonymous_13)
FNDA:3,(anonymous_14)
FNDA:0,(anonymous_15)
FNDA:0,(anonymous_16)
FNDA:0,(anonymous_17)
FNDA:0,(anonymous_18)
FNDA:0,(anonymous_19)
FNDA:0,(anonymous_20)
DA:24,1
DA:25,1
DA:27,1
DA:39,11
DA:53,1
DA:54,1
DA:55,1
DA:58,1
DA:59,1
DA:60,1
DA:61,1
DA:64,1
DA:65,1
DA:68,1
DA:71,1
DA:72,1
DA:74,1
DA:79,1
DA:86,1
DA:87,1
DA:88,1
DA:90,1
DA:91,1
DA:94,1
DA:95,1
DA:96,0
DA:102,1
DA:103,0
DA:104,0
DA:105,0
DA:106,0
DA:107,0
DA:109,0
DA:120,0
DA:121,0
DA:123,0
DA:126,1
DA:127,0
DA:133,0
DA:134,0
DA:140,0
DA:141,0
DA:142,0
DA:143,0
DA:145,0
DA:149,0
DA:152,1
DA:154,1
DA:189,0
DA:200,0
DA:201,0
DA:211,8
DA:215,0
DA:249,3
DA:253,0
DA:263,0
DA:267,0
DA:280,0
DA:281,0
DA:298,0
DA:315,0
DA:316,0
DA:345,1
LF:63
LH:32
BRDA:24,0,0,1
BRDA:24,0,1,0
BRDA:42,1,0,11
BRDA:42,1,1,2
BRDA:45,2,0,11
BRDA:45,2,1,2
BRDA:53,3,0,1
BRDA:53,3,1,1
BRDA:58,4,0,1
BRDA:58,4,1,1
BRDA:59,5,0,0
BRDA:59,5,1,1
BRDA:60,6,0,1
BRDA:60,6,1,1
BRDA:61,7,0,1
BRDA:61,7,1,1
BRDA:64,8,0,0
BRDA:64,8,1,1
BRDA:68,9,0,1
BRDA:68,9,1,1
BRDA:71,10,0,1
BRDA:71,10,1,1
BRDA:75,11,0,0
BRDA:75,11,1,1
BRDA:75,12,0,1
BRDA:75,12,1,0
BRDA:80,13,0,0
BRDA:80,13,1,1
BRDA:80,14,0,1
BRDA:80,14,1,0
BRDA:87,15,0,0
BRDA:87,15,1,1
BRDA:91,16,0,0
BRDA:91,16,1,1
BRDA:95,17,0,1
BRDA:95,17,1,0
BRDA:98,18,0,0
BRDA:98,18,1,0
BRDA:104,19,0,0
BRDA:104,19,1,0
BRDA:106,20,0,0
BRDA:106,20,1,0
BRDA:106,21,0,0
BRDA:106,21,1,0
BRDA:106,21,2,0
BRDA:115,22,0,0
BRDA:115,22,1,0
BRDA:117,23,0,0
BRDA:117,23,1,0
BRDA:120,24,0,0
BRDA:120,24,1,0
BRDA:141,25,0,0
BRDA:141,25,1,0
BRDA:149,26,0,0
BRDA:149,26,1,0
BRDA:194,27,0,1
BRDA:194,27,1,0
BRDA:198,28,0,0
BRDA:198,28,1,0
BRDA:201,29,0,0
BRDA:201,29,1,0
BRDA:237,30,0,0
BRDA:237,30,1,1
BRDA:251,31,0,1
BRDA:251,31,1,2
BRDA:251,32,0,1
BRDA:251,32,1,1
BRDA:258,33,0,1
BRDA:258,33,1,0
BRDA:274,34,0,1
BRDA:274,34,1,0
BRDA:280,35,0,0
BRDA:280,35,1,0
BRDA:302,36,0,1
BRDA:302,36,1,1
BRDA:306,37,0,0
BRDA:306,37,1,1
BRDA:309,38,0,1
BRDA:309,38,1,0
BRDA:313,39,0,0
BRDA:313,39,1,0
BRDA:316,40,0,0
BRDA:316,40,1,0
BRDA:329,41,0,0
BRDA:329,41,1,1
BRDA:333,42,0,1
BRDA:333,42,1,0
BRF:87
BRH:40
end_of_record
TN:
SF:src\screens\HomeScreen.js
FN:21,(anonymous_0)
FN:22,(anonymous_1)
FN:23,(anonymous_2)
FN:24,(anonymous_3)
FN:31,(anonymous_4)
FN:37,HomeScreen
FN:39,(anonymous_6)
FN:39,(anonymous_7)
FN:48,(anonymous_8)
FN:49,(anonymous_9)
FN:49,(anonymous_10)
FN:50,(anonymous_11)
FN:51,(anonymous_12)
FN:56,(anonymous_13)
FN:57,(anonymous_14)
FN:65,(anonymous_15)
FN:66,(anonymous_16)
FN:77,(anonymous_17)
FN:103,(anonymous_18)
FN:109,(anonymous_19)
FN:150,(anonymous_20)
FN:155,(anonymous_21)
FN:170,(anonymous_22)
FN:181,(anonymous_23)
FN:193,(anonymous_24)
FN:240,(anonymous_25)
FNF:26
FNH:20
FNDA:28,(anonymous_0)
FNDA:16,(anonymous_1)
FNDA:4,(anonymous_2)
FNDA:8,(anonymous_3)
FNDA:4,(anonymous_4)
FNDA:9,HomeScreen
FNDA:0,(anonymous_6)
FNDA:0,(anonymous_7)
FNDA:2,(anonymous_8)
FNDA:6,(anonymous_9)
FNDA:7,(anonymous_10)
FNDA:4,(anonymous_11)
FNDA:4,(anonymous_12)
FNDA:4,(anonymous_13)
FNDA:12,(anonymous_14)
FNDA:12,(anonymous_15)
FNDA:8,(anonymous_16)
FNDA:1,(anonymous_17)
FNDA:0,(anonymous_18)
FNDA:1,(anonymous_19)
FNDA:36,(anonymous_20)
FNDA:1,(anonymous_21)
FNDA:0,(anonymous_22)
FNDA:7,(anonymous_23)
FNDA:0,(anonymous_24)
FNDA:0,(anonymous_25)
DA:18,2
DA:21,28
DA:22,16
DA:23,4
DA:24,2
DA:25,8
DA:26,8
DA:27,8
DA:28,8
DA:29,8
DA:31,2
DA:32,4
DA:33,4
DA:34,4
DA:38,9
DA:39,9
DA:41,9
DA:42,9
DA:44,9
DA:45,9
DA:48,9
DA:49,7
DA:50,4
DA:51,4
DA:52,2
DA:56,9
DA:57,4
DA:58,12
DA:59,8
DA:60,8
DA:61,0
DA:62,0
DA:64,4
DA:65,12
DA:67,8
DA:72,9
DA:73,9
DA:74,9
DA:75,9
DA:77,9
DA:78,1
DA:79,1
DA:80,1
DA:81,1
DA:87,1
DA:88,1
DA:89,1
DA:90,1
DA:93,9
DA:95,9
DA:103,0
DA:109,1
DA:151,36
DA:152,36
DA:155,1
DA:170,0
DA:182,7
DA:193,0
DA:240,0
DA:255,2
LF:60
LH:54
BRDA:21,0,0,5
BRDA:21,0,1,23
BRDA:29,1,0,8
BRDA:29,1,1,4
BRDA:34,2,0,4
BRDA:34,2,1,4
BRDA:38,3,0,9
BRDA:38,3,1,0
BRDA:38,4,0,9
BRDA:38,4,1,0
BRDA:39,5,0,0
BRDA:39,6,0,0
BRDA:39,7,0,0
BRDA:39,8,0,0
BRDA:39,9,0,0
BRDA:42,10,0,0
BRDA:42,10,1,9
BRDA:49,11,0,7
BRDA:49,11,1,0
BRDA:58,12,0,4
BRDA:58,12,1,8
BRDA:58,13,0,12
BRDA:58,13,1,12
BRDA:59,14,0,0
BRDA:59,14,1,8
BRDA:60,15,0,8
BRDA:60,15,1,0
BRDA:61,16,0,0
BRDA:61,16,1,0
BRDA:64,17,0,4
BRDA:64,17,1,0
BRDA:67,18,0,2
BRDA:67,18,1,6
BRDA:67,19,0,2
BRDA:67,19,1,2
BRDA:79,20,0,0
BRDA:79,20,1,1
BRDA:79,21,0,1
BRDA:79,21,1,1
BRDA:84,22,0,1
BRDA:84,22,1,0
BRDA:136,23,0,9
BRDA:136,23,1,6
BRDA:156,24,0,9
BRDA:156,24,1,27
BRDA:158,25,0,9
BRDA:158,25,1,27
BRDA:171,26,0,9
BRDA:171,26,1,9
BRDA:176,27,0,6
BRDA:176,27,1,3
BRDA:178,28,0,6
BRDA:178,28,1,0
BRDA:189,29,0,7
BRDA:189,29,1,0
BRDA:244,30,0,9
BRDA:244,30,1,9
BRF:57
BRH:39
end_of_record
TN:
SF:src\screens\SettingsScreen.js
FN:21,SettingsScreen
FN:33,(anonymous_1)
FN:34,(anonymous_2)
FN:42,saveCurrency
FN:49,toCSV
FN:51,(anonymous_5)
FN:52,(anonymous_6)
FN:60,(anonymous_7)
FN:63,exportJSON
FN:69,exportCSV
FN:79,performImport
FN:94,testBiometric
FN:109,toggleLock
FN:123,(anonymous_13)
FN:144,(anonymous_14)
FN:147,(anonymous_15)
FN:165,(anonymous_16)
FN:183,(anonymous_17)
FN:223,(anonymous_18)
FNF:19
FNH:5
FNDA:6,SettingsScreen
FNDA:4,(anonymous_1)
FNDA:4,(anonymous_2)
FNDA:0,saveCurrency
FNDA:0,toCSV
FNDA:0,(anonymous_5)
FNDA:0,(anonymous_6)
FNDA:0,(anonymous_7)
FNDA:0,exportJSON
FNDA:0,exportCSV
FNDA:0,performImport
FNDA:0,testBiometric
FNDA:0,toggleLock
FNDA:1,(anonymous_13)
FNDA:24,(anonymous_14)
FNDA:0,(anonymous_15)
FNDA:0,(anonymous_16)
FNDA:0,(anonymous_17)
FNDA:0,(anonymous_18)
DA:22,6
DA:23,6
DA:26,6
DA:28,6
DA:30,6
DA:31,6
DA:33,6
DA:34,4
DA:35,4
DA:36,4
DA:37,4
DA:38,4
DA:43,0
DA:44,0
DA:45,0
DA:50,0
DA:51,0
DA:52,0
DA:60,0
DA:64,0
DA:65,0
DA:66,0
DA:70,0
DA:71,0
DA:72,0
DA:75,0
DA:80,0
DA:81,0
DA:82,0
DA:84,0
DA:85,0
DA:86,0
DA:87,0
DA:89,0
DA:95,0
DA:96,0
DA:97,0
DA:98,0
DA:99,0
DA:101,0
DA:106,0
DA:110,0
DA:111,0
DA:112,0
DA:113,0
DA:118,0
DA:119,0
DA:120,0
DA:123,6
DA:124,1
DA:125,1
DA:128,6
DA:145,24
DA:147,0
DA:165,0
DA:183,0
DA:223,0
DA:239,3
LF:58
LH:18
BRDA:23,0,0,1
BRDA:23,1,0,6
BRDA:23,1,1,0
BRDA:23,2,0,6
BRDA:23,2,1,0
BRDA:36,3,0,0
BRDA:36,3,1,4
BRDA:38,4,0,0
BRDA:38,4,1,4
BRDA:51,5,0,0
BRDA:51,5,1,0
BRDA:53,6,0,0
BRDA:53,6,1,0
BRDA:54,7,0,0
BRDA:54,7,1,0
BRDA:55,8,0,0
BRDA:55,8,1,0
BRDA:56,9,0,0
BRDA:56,9,1,0
BRDA:57,10,0,0
BRDA:57,10,1,0
BRDA:58,11,0,0
BRDA:58,11,1,0
BRDA:82,12,0,0
BRDA:82,12,1,0
BRDA:96,13,0,0
BRDA:96,13,1,0
BRDA:98,14,0,0
BRDA:98,14,1,0
BRDA:106,15,0,0
BRDA:106,15,1,0
BRDA:106,16,0,0
BRDA:106,16,1,0
BRDA:112,17,0,0
BRDA:112,17,1,0
BRDA:112,18,0,0
BRDA:112,18,1,0
BRDA:112,18,2,0
BRDA:120,19,0,0
BRDA:120,19,1,0
BRDA:150,20,0,24
BRDA:150,20,1,6
BRDA:153,21,0,24
BRDA:153,21,1,6
BRF:44
BRH:9
end_of_record
TN:
SF:src\storage\db.js
FN:9,(anonymous_0)
FN:10,(anonymous_1)
FN:11,(anonymous_2)
FN:18,useExpenses
FN:22,ExpensesProvider
FN:26,(anonymous_5)
FN:27,(anonymous_6)
FN:37,(anonymous_7)
FN:43,(anonymous_8)
FN:45,(anonymous_9)
FN:56,(anonymous_10)
FN:57,(anonymous_11)
FN:57,(anonymous_12)
FN:59,(anonymous_13)
FN:59,(anonymous_14)
FN:59,(anonymous_15)
FN:62,(anonymous_16)
FN:62,(anonymous_17)
FNF:18
FNH:15
FNDA:0,(anonymous_0)
FNDA:0,(anonymous_1)
FNDA:0,(anonymous_2)
FNDA:11,useExpenses
FNDA:5,ExpensesProvider
FNDA:1,(anonymous_5)
FNDA:1,(anonymous_6)
FNDA:5,(anonymous_7)
FNDA:1,(anonymous_8)
FNDA:1,(anonymous_9)
FNDA:1,(anonymous_10)
FNDA:1,(anonymous_11)
FNDA:1,(anonymous_12)
FNDA:1,(anonymous_13)
FNDA:1,(anonymous_14)
FNDA:1,(anonymous_15)
FNDA:4,(anonymous_16)
FNDA:2,(anonymous_17)
DA:5,4
DA:7,4
DA:16,4
DA:19,11
DA:23,5
DA:24,5
DA:26,5
DA:27,1
DA:28,1
DA:29,1
DA:30,1
DA:32,1
DA:37,5
DA:38,5
DA:39,4
DA:43,5
DA:44,1
DA:45,1
DA:56,5
DA:57,1
DA:59,5
DA:61,5
DA:62,4
DA:66,5
DA:67,5
LF:25
LH:25
BRDA:19,0,0,11
BRDA:19,0,1,0
BRDA:30,1,0,0
BRDA:30,1,1,1
BRDA:38,2,0,4
BRDA:38,2,1,1
BRDA:57,3,0,1
BRDA:57,3,1,0
BRDA:62,4,0,2
BRDA:62,4,1,0
BRF:10
BRH:6
end_of_record
